07-09-2020 11:09:17 [INFO] [D:\Projects\messages service\index.js] Mongo Connected
07-09-2020 11:09:25 [DEBUG] [D:\Projects\messages service\lib\express\api.js] request:/api/auth, body:[user: admin, password: Wsh37, ], jwt:undefined
07-09-2020 11:09:30 [DEBUG] [D:\Projects\messages service\lib\express\api.js] request:/api/auth, body:[user: admin, password: Wsh3, ], jwt:undefined
07-09-2020 11:13:21 [INFO] [D:\Projects\messages service\index.js] Mongo Connected
07-09-2020 11:13:26 [DEBUG] [D:\Projects\messages service\lib\express\api.js] request:/api/message, body:[], jwt:ciOiJIUzI1NiIsInR5cCI6IkpXVCJ9.eyJfaWQiOiI1ZjU1MGU1NTE2NTRkYzFiODExNmZiYWEiLCJpYXQiOjE1OTk0NjYxNzAsImV4cCI6MTU5OTUwOTM3MH0._03Jph72N3MS8k0sh5Qd-FijZYEoKuM-9pMp3sGA6Q0
07-09-2020 11:13:26 [WARN] [D:\Projects\messages service\lib\express\verifyToken.js] invalid token
07-09-2020 11:13:49 [DEBUG] [D:\Projects\messages service\lib\express\api.js] request:/api/message, body:[], jwt:eyJhbGciOiJIUzI1NiIsInR5cCI6IkpXVCJ9.eyJfaWQiOiI1ZjU1MGU1NTE2NTRkYzFiODExNmZiYWEiLCJpYXQiOjE1OTk0NjYxNzAsImV4cCI6MTU5OTUwOTM3MH0._03Jph72N3MS8k0sh5Qd-FijZYEoKuM-9pMp3sGA6Q0
07-09-2020 11:13:49 [DEBUG] [D:\Projects\messages service\lib\express\verifyToken.js] request:/api/message user:undefined(undefined)
07-09-2020 11:14:25 [INFO] [D:\Projects\messages service\index.js] Mongo Connected
07-09-2020 11:14:27 [DEBUG] [D:\Projects\messages service\lib\express\api.js] request:/api/message, body:[], jwt:eyJhbGciOiJIUzI1NiIsInR5cCI6IkpXVCJ9.eyJfaWQiOiI1ZjU1MGU1NTE2NTRkYzFiODExNmZiYWEiLCJpYXQiOjE1OTk0NjYxNzAsImV4cCI6MTU5OTUwOTM3MH0._03Jph72N3MS8k0sh5Qd-FijZYEoKuM-9pMp3sGA6Q0
07-09-2020 11:14:27 [DEBUG] [D:\Projects\messages service\lib\express\verifyToken.js] request:/api/message user:undefined(undefined)
07-09-2020 11:16:05 [INFO] [D:\Projects\messages service\index.js] Mongo Connected
07-09-2020 11:16:11 [DEBUG] [D:\Projects\messages service\lib\express\api.js] request:/api/message, body:[], jwt:eyJhbGciOiJIUzI1NiIsInR5cCI6IkpXVCJ9.eyJfaWQiOiI1ZjU1MGU1NTE2NTRkYzFiODExNmZiYWEiLCJpYXQiOjE1OTk0NjYxNzAsImV4cCI6MTU5OTUwOTM3MH0._03Jph72N3MS8k0sh5Qd-FijZYEoKuM-9pMp3sGA6Q0
07-09-2020 11:16:11 [DEBUG] [D:\Projects\messages service\lib\express\verifyToken.js] request:/api/message user:undefined(undefined)
07-09-2020 11:16:11 [ERROR] [D:\Projects\messages service\lib\express\responseHandlers.js] ValidationError: Message validation failed: message: Path `message` is required., peer: Path `peer` is required.
    at model.Document.invalidate (D:\Projects\messages service\node_modules\mongoose\lib\document.js:2598:32)
    at D:\Projects\messages service\node_modules\mongoose\lib\document.js:2418:17
    at D:\Projects\messages service\node_modules\mongoose\lib\schematype.js:1222:9
    at processTicksAndRejections (internal/process/task_queues.js:79:11)
07-09-2020 11:17:16 [INFO] [D:\Projects\messages service\index.js] Mongo Connected
07-09-2020 11:17:23 [DEBUG] [D:\Projects\messages service\lib\express\api.js] request:/api/message, body:[], jwt:eyJhbGciOiJIUzI1NiIsInR5cCI6IkpXVCJ9.eyJfaWQiOiI1ZjU1MGU1NTE2NTRkYzFiODExNmZiYWEiLCJpYXQiOjE1OTk0NjYxNzAsImV4cCI6MTU5OTUwOTM3MH0._03Jph72N3MS8k0sh5Qd-FijZYEoKuM-9pMp3sGA6Q0
07-09-2020 11:17:23 [DEBUG] [D:\Projects\messages service\lib\express\verifyToken.js] request:/api/message user:undefined(undefined)
07-09-2020 11:17:23 [ERROR] [D:\Projects\messages service\lib\express\responseHandlers.js] ValidationError: Message validation failed: peer: Path `peer` is required., message: Path `message` is required.
    at model.Document.invalidate (D:\Projects\messages service\node_modules\mongoose\lib\document.js:2598:32)
    at D:\Projects\messages service\node_modules\mongoose\lib\document.js:2418:17
    at D:\Projects\messages service\node_modules\mongoose\lib\schematype.js:1222:9
    at processTicksAndRejections (internal/process/task_queues.js:79:11)
07-09-2020 11:17:56 [DEBUG] [D:\Projects\messages service\lib\express\api.js] request:/api/message, body:[peer: 79265425608, message: koko, ], jwt:eyJhbGciOiJIUzI1NiIsInR5cCI6IkpXVCJ9.eyJfaWQiOiI1ZjU1MGU1NTE2NTRkYzFiODExNmZiYWEiLCJpYXQiOjE1OTk0NjYxNzAsImV4cCI6MTU5OTUwOTM3MH0._03Jph72N3MS8k0sh5Qd-FijZYEoKuM-9pMp3sGA6Q0
07-09-2020 11:17:56 [DEBUG] [D:\Projects\messages service\lib\express\verifyToken.js] request:/api/message user:undefined(undefined)
07-09-2020 11:18:24 [INFO] [D:\Projects\messages service\index.js] Mongo Connected
07-09-2020 11:20:01 [INFO] [D:\Projects\messages service\index.js] Mongo Connected
07-09-2020 11:20:25 [INFO] [D:\Projects\messages service\index.js] Mongo Connected
07-09-2020 11:20:27 [DEBUG] [D:\Projects\messages service\lib\express\api.js] request:/api/message, body:[peer: 79265425608, message: koko, ], jwt:eyJhbGciOiJIUzI1NiIsInR5cCI6IkpXVCJ9.eyJfaWQiOiI1ZjU1MGU1NTE2NTRkYzFiODExNmZiYWEiLCJpYXQiOjE1OTk0NjYxNzAsImV4cCI6MTU5OTUwOTM3MH0._03Jph72N3MS8k0sh5Qd-FijZYEoKuM-9pMp3sGA6Q0
07-09-2020 11:20:27 [DEBUG] [D:\Projects\messages service\lib\express\verifyToken.js] request:/api/message user:undefined(undefined)
07-09-2020 11:20:59 [INFO] [D:\Projects\messages service\index.js] Mongo Connected
07-09-2020 11:21:01 [DEBUG] [D:\Projects\messages service\lib\express\api.js] request:/api/message, body:[peer: 79265425608, message: koko, ], jwt:eyJhbGciOiJIUzI1NiIsInR5cCI6IkpXVCJ9.eyJfaWQiOiI1ZjU1MGU1NTE2NTRkYzFiODExNmZiYWEiLCJpYXQiOjE1OTk0NjYxNzAsImV4cCI6MTU5OTUwOTM3MH0._03Jph72N3MS8k0sh5Qd-FijZYEoKuM-9pMp3sGA6Q0
07-09-2020 11:21:01 [DEBUG] [D:\Projects\messages service\lib\express\verifyToken.js] request:/api/message user:undefined(undefined)
07-09-2020 11:21:13 [INFO] [D:\Projects\messages service\index.js] Mongo Connected
07-09-2020 11:22:18 [INFO] [D:\Projects\messages service\index.js] Mongo Connected
07-09-2020 11:22:21 [DEBUG] [D:\Projects\messages service\lib\express\api.js] request:/api/message, body:[peer: 79265425608, message: koko, ], jwt:eyJhbGciOiJIUzI1NiIsInR5cCI6IkpXVCJ9.eyJfaWQiOiI1ZjU1MGU1NTE2NTRkYzFiODExNmZiYWEiLCJpYXQiOjE1OTk0NjYxNzAsImV4cCI6MTU5OTUwOTM3MH0._03Jph72N3MS8k0sh5Qd-FijZYEoKuM-9pMp3sGA6Q0
07-09-2020 11:22:21 [DEBUG] [D:\Projects\messages service\lib\express\verifyToken.js] request:/api/message user:undefined(undefined)
07-09-2020 11:22:21 [ERROR] [D:\Projects\messages service\lib\express\responseHandlers.js] ValidationError: Message validation failed: messenger: No messenger specified
    at model.Document.invalidate (D:\Projects\messages service\node_modules\mongoose\lib\document.js:2598:32)
    at D:\Projects\messages service\node_modules\mongoose\lib\document.js:2418:17
    at D:\Projects\messages service\node_modules\mongoose\lib\schematype.js:1222:9
    at processTicksAndRejections (internal/process/task_queues.js:79:11)
07-09-2020 11:23:20 [INFO] [D:\Projects\messages service\index.js] Mongo Connected
07-09-2020 11:24:03 [INFO] [D:\Projects\messages service\index.js] Mongo Connected
07-09-2020 11:24:07 [DEBUG] [D:\Projects\messages service\lib\express\api.js] request:/api/message, body:[peer: 79265425608, message: koko, ], jwt:eyJhbGciOiJIUzI1NiIsInR5cCI6IkpXVCJ9.eyJfaWQiOiI1ZjU1MGU1NTE2NTRkYzFiODExNmZiYWEiLCJpYXQiOjE1OTk0NjYxNzAsImV4cCI6MTU5OTUwOTM3MH0._03Jph72N3MS8k0sh5Qd-FijZYEoKuM-9pMp3sGA6Q0
07-09-2020 11:24:07 [DEBUG] [D:\Projects\messages service\lib\express\verifyToken.js] request:/api/message user:undefined(undefined)
07-09-2020 11:24:07 [ERROR] [D:\Projects\messages service\lib\express\responseHandlers.js] ValidationError: Message validation failed: messenger: No messenger specified
    at model.Document.invalidate (D:\Projects\messages service\node_modules\mongoose\lib\document.js:2598:32)
    at D:\Projects\messages service\node_modules\mongoose\lib\document.js:2418:17
    at D:\Projects\messages service\node_modules\mongoose\lib\schematype.js:1222:9
    at processTicksAndRejections (internal/process/task_queues.js:79:11)
07-09-2020 11:24:45 [DEBUG] [D:\Projects\messages service\lib\express\api.js] request:/api/message, body:[peer: 79265425608, message: koko, messenger: whatsapp1, ], jwt:eyJhbGciOiJIUzI1NiIsInR5cCI6IkpXVCJ9.eyJfaWQiOiI1ZjU1MGU1NTE2NTRkYzFiODExNmZiYWEiLCJpYXQiOjE1OTk0NjYxNzAsImV4cCI6MTU5OTUwOTM3MH0._03Jph72N3MS8k0sh5Qd-FijZYEoKuM-9pMp3sGA6Q0
07-09-2020 11:24:45 [DEBUG] [D:\Projects\messages service\lib\express\verifyToken.js] request:/api/message user:undefined(undefined)
07-09-2020 11:24:45 [ERROR] [D:\Projects\messages service\lib\express\responseHandlers.js] ValidationError: Message validation failed: messenger.0: `whatsapp1` is not a valid enum value for path `messenger.0`.
    at model.Document.invalidate (D:\Projects\messages service\node_modules\mongoose\lib\document.js:2598:32)
    at D:\Projects\messages service\node_modules\mongoose\lib\document.js:2418:17
    at D:\Projects\messages service\node_modules\mongoose\lib\schematype.js:1222:9
    at processTicksAndRejections (internal/process/task_queues.js:79:11)
07-09-2020 11:24:52 [DEBUG] [D:\Projects\messages service\lib\express\api.js] request:/api/message, body:[peer: 79265425608, message: koko, messenger: whatsapp, ], jwt:eyJhbGciOiJIUzI1NiIsInR5cCI6IkpXVCJ9.eyJfaWQiOiI1ZjU1MGU1NTE2NTRkYzFiODExNmZiYWEiLCJpYXQiOjE1OTk0NjYxNzAsImV4cCI6MTU5OTUwOTM3MH0._03Jph72N3MS8k0sh5Qd-FijZYEoKuM-9pMp3sGA6Q0
07-09-2020 11:24:52 [DEBUG] [D:\Projects\messages service\lib\express\verifyToken.js] request:/api/message user:undefined(undefined)
07-09-2020 11:25:39 [DEBUG] [D:\Projects\messages service\lib\express\api.js] request:/api/message, body:[0: [object Object], 1: [object Object], ], jwt:eyJhbGciOiJIUzI1NiIsInR5cCI6IkpXVCJ9.eyJfaWQiOiI1ZjU1MGU1NTE2NTRkYzFiODExNmZiYWEiLCJpYXQiOjE1OTk0NjYxNzAsImV4cCI6MTU5OTUwOTM3MH0._03Jph72N3MS8k0sh5Qd-FijZYEoKuM-9pMp3sGA6Q0
07-09-2020 11:25:39 [DEBUG] [D:\Projects\messages service\lib\express\verifyToken.js] request:/api/message user:undefined(undefined)
07-09-2020 11:25:39 [ERROR] [D:\Projects\messages service\lib\express\responseHandlers.js] ValidationError: Message validation failed: messenger.0: `whatsapp4` is not a valid enum value for path `messenger.0`.
    at model.Document.invalidate (D:\Projects\messages service\node_modules\mongoose\lib\document.js:2598:32)
    at D:\Projects\messages service\node_modules\mongoose\lib\document.js:2418:17
    at D:\Projects\messages service\node_modules\mongoose\lib\schematype.js:1222:9
    at processTicksAndRejections (internal/process/task_queues.js:79:11)
07-09-2020 11:30:37 [INFO] [D:\Projects\messages service\index.js] Mongo Connected
07-09-2020 11:30:41 [DEBUG] [D:\Projects\messages service\lib\express\api.js] request:/api/message, body:[0: [object Object], 1: [object Object], ], jwt:eyJhbGciOiJIUzI1NiIsInR5cCI6IkpXVCJ9.eyJfaWQiOiI1ZjU1MGU1NTE2NTRkYzFiODExNmZiYWEiLCJpYXQiOjE1OTk0NjYxNzAsImV4cCI6MTU5OTUwOTM3MH0._03Jph72N3MS8k0sh5Qd-FijZYEoKuM-9pMp3sGA6Q0
07-09-2020 11:30:41 [DEBUG] [D:\Projects\messages service\lib\express\verifyToken.js] request:/api/message user:undefined(undefined)
07-09-2020 11:30:59 [INFO] [D:\Projects\messages service\index.js] Mongo Connected
07-09-2020 11:31:01 [DEBUG] [D:\Projects\messages service\lib\express\api.js] request:/api/message, body:[0: [object Object], 1: [object Object], ], jwt:eyJhbGciOiJIUzI1NiIsInR5cCI6IkpXVCJ9.eyJfaWQiOiI1ZjU1MGU1NTE2NTRkYzFiODExNmZiYWEiLCJpYXQiOjE1OTk0NjYxNzAsImV4cCI6MTU5OTUwOTM3MH0._03Jph72N3MS8k0sh5Qd-FijZYEoKuM-9pMp3sGA6Q0
07-09-2020 11:31:01 [DEBUG] [D:\Projects\messages service\lib\express\verifyToken.js] request:/api/message user:undefined(undefined)
07-09-2020 11:31:30 [DEBUG] [D:\Projects\messages service\lib\express\api.js] request:/api/message, body:[0: [object Object], 1: [object Object], ], jwt:eyJhbGciOiJIUzI1NiIsInR5cCI6IkpXVCJ9.eyJfaWQiOiI1ZjU1MGU1NTE2NTRkYzFiODExNmZiYWEiLCJpYXQiOjE1OTk0NjYxNzAsImV4cCI6MTU5OTUwOTM3MH0._03Jph72N3MS8k0sh5Qd-FijZYEoKuM-9pMp3sGA6Q0
07-09-2020 11:31:30 [DEBUG] [D:\Projects\messages service\lib\express\verifyToken.js] request:/api/message user:undefined(undefined)
07-09-2020 11:32:15 [INFO] [D:\Projects\messages service\index.js] Mongo Connected
07-09-2020 11:58:35 [INFO] [D:\Projects\messages service\index.js] Mongo Connected
07-09-2020 11:58:48 [DEBUG] [D:\Projects\messages service\lib\express\api.js] request:/api/message, body:[0: [object Object], 1: [object Object], ], jwt:eyJhbGciOiJIUzI1NiIsInR5cCI6IkpXVCJ9.eyJfaWQiOiI1ZjU1MGU1NTE2NTRkYzFiODExNmZiYWEiLCJpYXQiOjE1OTk0NjYxNzAsImV4cCI6MTU5OTUwOTM3MH0._03Jph72N3MS8k0sh5Qd-FijZYEoKuM-9pMp3sGA6Q0
07-09-2020 11:58:48 [DEBUG] [D:\Projects\messages service\lib\express\verifyToken.js] request:/api/message user:undefined(undefined)
07-09-2020 11:59:31 [INFO] [D:\Projects\messages service\index.js] Mongo Connected
07-09-2020 11:59:44 [INFO] [D:\Projects\messages service\index.js] Mongo Connected
07-09-2020 12:01:54 [INFO] [D:\Projects\messages service\index.js] Mongo Connected
07-09-2020 12:02:13 [INFO] [D:\Projects\messages service\index.js] Mongo Connected
07-09-2020 12:02:35 [INFO] [D:\Projects\messages service\index.js] Mongo Connected
07-09-2020 12:03:03 [INFO] [D:\Projects\messages service\index.js] Mongo Connected
07-09-2020 12:04:48 [INFO] [D:\Projects\messages service\index.js] Mongo Connected
07-09-2020 12:05:42 [INFO] [D:\Projects\messages service\index.js] Mongo Connected
07-09-2020 12:07:30 [INFO] [D:\Projects\messages service\index.js] Mongo Connected
07-09-2020 12:07:54 [INFO] [D:\Projects\messages service\index.js] Mongo Connected
07-09-2020 12:08:54 [INFO] [D:\Projects\messages service\index.js] Mongo Connected
07-09-2020 13:54:30 [INFO] [D:\Projects\messages service\index.js] Mongo Connected
07-09-2020 13:54:30 [INFO] [D:\Projects\messages service\lib\loop\MessageWatcher.js] Message watcher started...
07-09-2020 14:02:17 [INFO] [D:\Projects\messages service\index.js] Mongo Connected
07-09-2020 14:02:17 [INFO] [D:\Projects\messages service\lib\loop\MessageWatcher.js] Message watcher started...
07-09-2020 14:02:31 [DEBUG] [D:\Projects\messages service\lib\express\api.js] request:/api/message, body:[0: [object Object], 1: [object Object], ], jwt:eyJhbGciOiJIUzI1NiIsInR5cCI6IkpXVCJ9.eyJfaWQiOiI1ZjU1MGU1NTE2NTRkYzFiODExNmZiYWEiLCJpYXQiOjE1OTk0NjYxNzAsImV4cCI6MTU5OTUwOTM3MH0._03Jph72N3MS8k0sh5Qd-FijZYEoKuM-9pMp3sGA6Q0
07-09-2020 14:02:31 [DEBUG] [D:\Projects\messages service\lib\express\verifyToken.js] request:/api/message user:undefined(undefined)
07-09-2020 14:04:05 [INFO] [D:\Projects\messages service\index.js] Mongo Connected
07-09-2020 14:04:05 [INFO] [D:\Projects\messages service\lib\loop\MessageWatcher.js] Message watcher started...
07-09-2020 14:04:49 [INFO] [D:\Projects\messages service\index.js] Mongo Connected
07-09-2020 14:04:49 [INFO] [D:\Projects\messages service\lib\loop\MessageWatcher.js] Message watcher started...
07-09-2020 14:06:17 [INFO] [D:\Projects\messages service\index.js] Mongo Connected
07-09-2020 14:06:17 [INFO] [D:\Projects\messages service\lib\loop\MessageWatcher.js] Message watcher started...
07-09-2020 14:06:21 [INFO] [D:\Projects\messages service\index.js] Mongo Connected
07-09-2020 14:06:21 [INFO] [D:\Projects\messages service\lib\loop\MessageWatcher.js] Message watcher started...
07-09-2020 14:08:45 [INFO] [D:\Projects\messages service\index.js] Mongo Connected
07-09-2020 14:08:45 [INFO] [D:\Projects\messages service\lib\loop\MessageWatcher.js] Message watcher started...
07-09-2020 14:10:23 [INFO] [D:\Projects\messages service\index.js] Mongo Connected
07-09-2020 14:10:23 [INFO] [D:\Projects\messages service\lib\loop\MessageWatcher.js] Message watcher started...
07-09-2020 14:12:52 [INFO] [D:\Projects\messages service\index.js] Mongo Connected
07-09-2020 14:12:52 [INFO] [D:\Projects\messages service\lib\loop\MessageWatcher.js] Message watcher started...
07-09-2020 14:13:04 [DEBUG] [D:\Projects\messages service\lib\express\api.js] request:/api/message, body:[0: [object Object], 1: [object Object], ], jwt:eyJhbGciOiJIUzI1NiIsInR5cCI6IkpXVCJ9.eyJfaWQiOiI1ZjU1MGU1NTE2NTRkYzFiODExNmZiYWEiLCJpYXQiOjE1OTk0NjYxNzAsImV4cCI6MTU5OTUwOTM3MH0._03Jph72N3MS8k0sh5Qd-FijZYEoKuM-9pMp3sGA6Q0
07-09-2020 14:14:44 [INFO] [D:\Projects\messages service\index.js] Mongo Connected
07-09-2020 14:14:44 [INFO] [D:\Projects\messages service\lib\loop\MessageWatcher.js] Message watcher started...
07-09-2020 14:15:26 [INFO] [D:\Projects\messages service\index.js] Mongo Connected
07-09-2020 14:15:26 [INFO] [D:\Projects\messages service\lib\loop\MessageWatcher.js] Message watcher started...
07-09-2020 14:17:16 [INFO] [D:\Projects\messages service\index.js] Mongo Connected
07-09-2020 14:17:16 [INFO] [D:\Projects\messages service\lib\loop\MessageWatcher.js] Message watcher started...
07-09-2020 14:17:18 [DEBUG] [D:\Projects\messages service\lib\express\api.js] request:/api/message, body:[0: [object Object], ], jwt:eyJhbGciOiJIUzI1NiIsInR5cCI6IkpXVCJ9.eyJfaWQiOiI1ZjU1MGU1NTE2NTRkYzFiODExNmZiYWEiLCJpYXQiOjE1OTk0NjYxNzAsImV4cCI6MTU5OTUwOTM3MH0._03Jph72N3MS8k0sh5Qd-FijZYEoKuM-9pMp3sGA6Q0
07-09-2020 14:19:50 [DEBUG] [D:\Projects\messages service\lib\express\api.js] request:/api/message, body:[], jwt:undefined
07-09-2020 14:19:50 [WARN] [D:\Projects\messages service\lib\express\verifyToken.js] request:/api/message without authorization token
07-09-2020 14:19:59 [DEBUG] [D:\Projects\messages service\lib\express\api.js] request:/api/message, body:[0: [object Object], ], jwt:eyJhbGciOiJIUzI1NiIsInR5cCI6IkpXVCJ9.eyJfaWQiOiI1ZjU1MGU1NTE2NTRkYzFiODExNmZiYWEiLCJpYXQiOjE1OTk0NjYxNzAsImV4cCI6MTU5OTUwOTM3MH0._03Jph72N3MS8k0sh5Qd-FijZYEoKuM-9pMp3sGA6Q0
07-09-2020 14:20:01 [DEBUG] [D:\Projects\messages service\lib\express\api.js] request:/api/wawebhook/, body:[ack: [object Object], instanceId: 156066, ], jwt:undefined
07-09-2020 14:20:16 [DEBUG] [D:\Projects\messages service\lib\express\api.js] request:/api/wawebhook/, body:[messages: [object Object], instanceId: 156066, ], jwt:undefined
07-09-2020 14:20:31 [DEBUG] [D:\Projects\messages service\lib\express\api.js] request:/api/wawebhook/, body:[ack: [object Object], instanceId: 156066, ], jwt:undefined
07-09-2020 14:25:57 [INFO] [D:\Projects\messages service\index.js] Mongo Connected
07-09-2020 14:25:57 [INFO] [D:\Projects\messages service\lib\loop\MessageWatcher.js] Message watcher started...
07-09-2020 14:27:16 [DEBUG] [D:\Projects\messages service\lib\express\api.js] request:/api/wawebhook/, body:[instanceId: 156066, messages: [object Object], ], jwt:undefined
07-09-2020 14:30:25 [INFO] [D:\Projects\messages service\index.js] Mongo Connected
07-09-2020 14:30:25 [INFO] [D:\Projects\messages service\lib\loop\MessageWatcher.js] Message watcher started...
07-09-2020 14:30:34 [DEBUG] [D:\Projects\messages service\lib\express\api.js] request:/api/wawebhook/, body:[instanceId: 156066, messages: [object Object], ], jwt:undefined
07-09-2020 14:31:12 [DEBUG] [D:\Projects\messages service\lib\express\api.js] request:/api/message, body:[0: [object Object], ], jwt:eyJhbGciOiJIUzI1NiIsInR5cCI6IkpXVCJ9.eyJfaWQiOiI1ZjU1MGU1NTE2NTRkYzFiODExNmZiYWEiLCJpYXQiOjE1OTk0NjYxNzAsImV4cCI6MTU5OTUwOTM3MH0._03Jph72N3MS8k0sh5Qd-FijZYEoKuM-9pMp3sGA6Q0
07-09-2020 14:31:15 [DEBUG] [D:\Projects\messages service\lib\express\api.js] request:/api/wawebhook/, body:[messages: [object Object], instanceId: 156066, ], jwt:undefined
07-09-2020 14:31:30 [DEBUG] [D:\Projects\messages service\lib\express\api.js] request:/api/wawebhook/, body:[ack: [object Object], instanceId: 156066, ], jwt:undefined
07-09-2020 14:31:45 [DEBUG] [D:\Projects\messages service\lib\express\api.js] request:/api/wawebhook/, body:[ack: [object Object], instanceId: 156066, ], jwt:undefined
07-09-2020 14:32:00 [DEBUG] [D:\Projects\messages service\lib\express\api.js] request:/api/wawebhook/, body:[ack: [object Object], instanceId: 156066, ], jwt:undefined
07-09-2020 14:32:15 [DEBUG] [D:\Projects\messages service\lib\express\api.js] request:/api/wawebhook/, body:[ack: [object Object], instanceId: 156066, ], jwt:undefined
07-09-2020 14:32:30 [DEBUG] [D:\Projects\messages service\lib\express\api.js] request:/api/wawebhook/, body:[ack: [object Object], instanceId: 156066, ], jwt:undefined
07-09-2020 14:33:55 [DEBUG] [D:\Projects\messages service\lib\express\api.js] request:/api/wawebhook/, body:[], jwt:undefined
07-09-2020 14:34:18 [DEBUG] [D:\Projects\messages service\lib\express\api.js] request:/api/wawebhook/, body:[test: 1, ], jwt:undefined
07-09-2020 14:34:29 [DEBUG] [D:\Projects\messages service\lib\express\api.js] request:/api/wawebhook?koko=0000, body:[test: 1, ], jwt:undefined
07-09-2020 14:35:17 [DEBUG] [D:\Projects\messages service\lib\express\api.js] request:/api/wawebhook/, body:[instanceId: 156066, messages: [object Object], ], jwt:undefined
07-09-2020 14:35:39 [DEBUG] [D:\Projects\messages service\lib\express\api.js] request:/api/wawebhook, body:[instanceId: 156066, messages: [object Object], ], jwt:undefined
07-09-2020 14:36:04 [DEBUG] [D:\Projects\messages service\lib\express\api.js] request:/api/wawebhook, body:[instanceId: 156066, messages: [object Object], ], jwt:undefined
07-09-2020 14:36:30 [DEBUG] [D:\Projects\messages service\lib\express\api.js] request:/api/wawebhook?koko=0000, body:[test: 1, ], jwt:undefined
07-09-2020 14:37:08 [DEBUG] [D:\Projects\messages service\lib\express\api.js] request:/api/message, body:[0: [object Object], ], jwt:eyJhbGciOiJIUzI1NiIsInR5cCI6IkpXVCJ9.eyJfaWQiOiI1ZjU1MGU1NTE2NTRkYzFiODExNmZiYWEiLCJpYXQiOjE1OTk0NjYxNzAsImV4cCI6MTU5OTUwOTM3MH0._03Jph72N3MS8k0sh5Qd-FijZYEoKuM-9pMp3sGA6Q0
07-09-2020 14:37:12 [DEBUG] [D:\Projects\messages service\lib\express\api.js] request:/api/wawebhook, body:[messages: [object Object], instanceId: 156066, ], jwt:undefined
07-09-2020 14:37:27 [DEBUG] [D:\Projects\messages service\lib\express\api.js] request:/api/wawebhook, body:[ack: [object Object], instanceId: 156066, ], jwt:undefined
07-09-2020 14:37:42 [DEBUG] [D:\Projects\messages service\lib\express\api.js] request:/api/wawebhook, body:[ack: [object Object], instanceId: 156066, ], jwt:undefined
07-09-2020 14:37:57 [DEBUG] [D:\Projects\messages service\lib\express\api.js] request:/api/wawebhook, body:[ack: [object Object], instanceId: 156066, ], jwt:undefined
07-09-2020 14:38:38 [DEBUG] [D:\Projects\messages service\lib\express\api.js] request:/api/message, body:[0: [object Object], ], jwt:eyJhbGciOiJIUzI1NiIsInR5cCI6IkpXVCJ9.eyJfaWQiOiI1ZjU1MGU1NTE2NTRkYzFiODExNmZiYWEiLCJpYXQiOjE1OTk0NjYxNzAsImV4cCI6MTU5OTUwOTM3MH0._03Jph72N3MS8k0sh5Qd-FijZYEoKuM-9pMp3sGA6Q0
07-09-2020 14:39:22 [DEBUG] [D:\Projects\messages service\lib\express\api.js] request:/api/wawebhook, body:[instanceId: 156066, messages: [object Object], ], jwt:undefined
07-09-2020 14:39:34 [INFO] [D:\Projects\messages service\index.js] Mongo Connected
07-09-2020 14:39:34 [INFO] [D:\Projects\messages service\lib\loop\MessageWatcher.js] Message watcher started...
07-09-2020 14:40:22 [DEBUG] [D:\Projects\messages service\lib\express\api.js] request:/api/wawebhook, body:[instanceId: 156066, messages: [object Object], ], jwt:undefined
07-09-2020 14:44:48 [INFO] [D:\Projects\messages service\index.js] Mongo Connected
07-09-2020 14:44:48 [INFO] [D:\Projects\messages service\lib\loop\MessageWatcher.js] Message watcher started...
07-09-2020 14:44:50 [DEBUG] [D:\Projects\messages service\lib\express\api.js] request:/api/wawebhook?koko=0000, body:[test: 1, ], jwt:undefined
07-09-2020 14:44:59 [DEBUG] [D:\Projects\messages service\lib\express\api.js] request:/api/wawebhook/?koko=0000, body:[test: 1, ], jwt:undefined
07-09-2020 14:45:35 [DEBUG] [D:\Projects\messages service\lib\express\api.js] request:/api/wawebhook, body:[instanceId: 156066, messages: [object Object], ], jwt:undefined
07-09-2020 14:49:25 [DEBUG] [D:\Projects\messages service\lib\express\api.js] request:/api/wawebhook, body:[instanceId: 156066, ack: [object Object], ], jwt:undefined
07-09-2020 14:57:14 [DEBUG] [D:\Projects\messages service\lib\express\api.js] request:/api/wawebhook, body:[ack: [object Object], instanceId: 156066, ], jwt:undefined
07-09-2020 14:59:56 [INFO] [D:\Projects\messages service\index.js] Mongo Connected
07-09-2020 14:59:56 [INFO] [D:\Projects\messages service\lib\loop\MessageWatcher.js] Message watcher started...
07-09-2020 15:00:14 [DEBUG] [D:\Projects\messages service\lib\express\api.js] request:/api/wawebhook, body:[instanceId: 156066, ack: [object Object], ], jwt:undefined
07-09-2020 15:00:38 [INFO] [D:\Projects\messages service\index.js] Mongo Connected
07-09-2020 15:00:38 [INFO] [D:\Projects\messages service\lib\loop\MessageWatcher.js] Message watcher started...
07-09-2020 15:00:41 [DEBUG] [D:\Projects\messages service\lib\express\api.js] request:/api/wawebhook, body:[instanceId: 156066, ack: [object Object], ], jwt:undefined
07-09-2020 15:01:23 [DEBUG] [D:\Projects\messages service\lib\express\api.js] request:/api/message, body:[0: [object Object], ], jwt:eyJhbGciOiJIUzI1NiIsInR5cCI6IkpXVCJ9.eyJfaWQiOiI1ZjU1MGU1NTE2NTRkYzFiODExNmZiYWEiLCJpYXQiOjE1OTk0NjYxNzAsImV4cCI6MTU5OTUwOTM3MH0._03Jph72N3MS8k0sh5Qd-FijZYEoKuM-9pMp3sGA6Q0
07-09-2020 15:01:26 [DEBUG] [D:\Projects\messages service\lib\express\api.js] request:/api/wawebhook, body:[ack: [object Object], instanceId: 156066, ], jwt:undefined
07-09-2020 15:01:26 [DEBUG] [D:\Projects\messages service\lib\express\api.js] request:/api/wawebhook, body:[messages: [object Object], instanceId: 156066, ], jwt:undefined
07-09-2020 15:01:27 [DEBUG] [D:\Projects\messages service\lib\express\api.js] request:/api/wawebhook, body:[ack: [object Object], instanceId: 156066, ], jwt:undefined
07-09-2020 15:02:04 [INFO] [D:\Projects\messages service\index.js] Mongo Connected
07-09-2020 15:02:04 [INFO] [D:\Projects\messages service\lib\loop\MessageWatcher.js] Message watcher started...
07-09-2020 15:02:09 [DEBUG] [D:\Projects\messages service\lib\express\api.js] request:/api/message, body:[0: [object Object], ], jwt:eyJhbGciOiJIUzI1NiIsInR5cCI6IkpXVCJ9.eyJfaWQiOiI1ZjU1MGU1NTE2NTRkYzFiODExNmZiYWEiLCJpYXQiOjE1OTk0NjYxNzAsImV4cCI6MTU5OTUwOTM3MH0._03Jph72N3MS8k0sh5Qd-FijZYEoKuM-9pMp3sGA6Q0
07-09-2020 15:02:12 [DEBUG] [D:\Projects\messages service\lib\express\api.js] request:/api/wawebhook, body:[messages: [object Object], instanceId: 156066, ], jwt:undefined
07-09-2020 15:02:14 [DEBUG] [D:\Projects\messages service\lib\express\api.js] request:/api/wawebhook, body:[ack: [object Object], instanceId: 156066, ], jwt:undefined
07-09-2020 15:02:22 [DEBUG] [D:\Projects\messages service\lib\express\api.js] request:/api/wawebhook, body:[ack: [object Object], instanceId: 156066, ], jwt:undefined
07-09-2020 15:02:33 [DEBUG] [D:\Projects\messages service\lib\express\api.js] request:/api/wawebhook, body:[ack: [object Object], instanceId: 156066, ], jwt:undefined
07-09-2020 15:02:33 [DEBUG] [D:\Projects\messages service\lib\express\api.js] request:/api/wawebhook, body:[ack: [object Object], instanceId: 156066, ], jwt:undefined
07-09-2020 15:07:24 [INFO] [D:\Projects\messages service\index.js] Mongo Connected
07-09-2020 15:07:24 [INFO] [D:\Projects\messages service\lib\loop\MessageWatcher.js] Message watcher started...
07-09-2020 15:07:28 [DEBUG] [D:\Projects\messages service\lib\express\api.js] request:/api/message, body:[0: [object Object], ], jwt:eyJhbGciOiJIUzI1NiIsInR5cCI6IkpXVCJ9.eyJfaWQiOiI1ZjU1MGU1NTE2NTRkYzFiODExNmZiYWEiLCJpYXQiOjE1OTk0NjYxNzAsImV4cCI6MTU5OTUwOTM3MH0._03Jph72N3MS8k0sh5Qd-FijZYEoKuM-9pMp3sGA6Q0
07-09-2020 15:07:30 [DEBUG] [D:\Projects\messages service\lib\express\api.js] request:/api/wawebhook, body:[ack: [object Object], instanceId: 156066, ], jwt:undefined
07-09-2020 15:07:31 [DEBUG] [D:\Projects\messages service\lib\express\api.js] request:/api/wawebhook, body:[messages: [object Object], instanceId: 156066, ], jwt:undefined
07-09-2020 15:07:32 [DEBUG] [D:\Projects\messages service\lib\express\api.js] request:/api/wawebhook, body:[ack: [object Object], instanceId: 156066, ], jwt:undefined
07-09-2020 15:08:29 [INFO] [D:\Projects\messages service\index.js] Mongo Connected
07-09-2020 15:08:29 [INFO] [D:\Projects\messages service\lib\loop\MessageWatcher.js] Message watcher started...
07-09-2020 15:09:30 [INFO] [D:\Projects\messages service\index.js] Mongo Connected
07-09-2020 15:09:30 [INFO] [D:\Projects\messages service\lib\loop\MessageWatcher.js] Message watcher started...
07-09-2020 15:09:51 [INFO] [D:\Projects\messages service\index.js] Mongo Connected
07-09-2020 15:09:51 [INFO] [D:\Projects\messages service\lib\loop\MessageWatcher.js] Message watcher started...
07-09-2020 15:14:50 [INFO] [D:\Projects\messages service\index.js] Mongo Connected
07-09-2020 15:14:50 [INFO] [D:\Projects\messages service\lib\loop\MessageWatcher.js] Message watcher started...
07-09-2020 15:15:12 [DEBUG] [D:\Projects\messages service\lib\express\api.js] request:/api/message, body:[0: [object Object], 1: [object Object], ], jwt:eyJhbGciOiJIUzI1NiIsInR5cCI6IkpXVCJ9.eyJfaWQiOiI1ZjU1MGU1NTE2NTRkYzFiODExNmZiYWEiLCJpYXQiOjE1OTk0NjYxNzAsImV4cCI6MTU5OTUwOTM3MH0._03Jph72N3MS8k0sh5Qd-FijZYEoKuM-9pMp3sGA6Q0
07-09-2020 15:15:15 [DEBUG] [D:\Projects\messages service\lib\express\api.js] request:/api/wawebhook, body:[ack: [object Object], instanceId: 156066, ], jwt:undefined
07-09-2020 15:15:15 [DEBUG] [D:\Projects\messages service\lib\express\api.js] request:/api/wawebhook, body:[messages: [object Object], instanceId: 156066, ], jwt:undefined
07-09-2020 15:15:16 [DEBUG] [D:\Projects\messages service\lib\express\api.js] request:/api/wawebhook, body:[ack: [object Object], instanceId: 156066, ], jwt:undefined
07-09-2020 15:15:25 [DEBUG] [D:\Projects\messages service\lib\express\api.js] request:/api/wawebhook, body:[ack: [object Object], instanceId: 156066, ], jwt:undefined
07-09-2020 15:15:25 [DEBUG] [D:\Projects\messages service\lib\express\api.js] request:/api/wawebhook, body:[ack: [object Object], instanceId: 156066, ], jwt:undefined
07-09-2020 15:16:25 [INFO] [D:\Projects\messages service\index.js] Mongo Connected
07-09-2020 15:16:25 [INFO] [D:\Projects\messages service\lib\loop\MessageWatcher.js] Message watcher started...
07-09-2020 15:16:47 [DEBUG] [D:\Projects\messages service\lib\express\api.js] request:/api/message, body:[0: [object Object], 1: [object Object], ], jwt:eyJhbGciOiJIUzI1NiIsInR5cCI6IkpXVCJ9.eyJfaWQiOiI1ZjU1MGU1NTE2NTRkYzFiODExNmZiYWEiLCJpYXQiOjE1OTk0NjYxNzAsImV4cCI6MTU5OTUwOTM3MH0._03Jph72N3MS8k0sh5Qd-FijZYEoKuM-9pMp3sGA6Q0
07-09-2020 15:16:50 [DEBUG] [D:\Projects\messages service\lib\express\api.js] request:/api/wawebhook, body:[messages: [object Object], instanceId: 156066, ], jwt:undefined
07-09-2020 15:16:52 [DEBUG] [D:\Projects\messages service\lib\express\api.js] request:/api/wawebhook, body:[ack: [object Object], instanceId: 156066, ], jwt:undefined
07-09-2020 15:16:53 [DEBUG] [D:\Projects\messages service\lib\express\api.js] request:/api/wawebhook, body:[ack: [object Object], instanceId: 156066, ], jwt:undefined
07-09-2020 15:17:56 [INFO] [D:\Projects\messages service\index.js] Mongo Connected
07-09-2020 15:17:56 [INFO] [D:\Projects\messages service\lib\loop\MessageWatcher.js] Message watcher started...
07-09-2020 15:18:12 [DEBUG] [D:\Projects\messages service\lib\express\api.js] request:/api/message, body:[0: [object Object], ], jwt:eyJhbGciOiJIUzI1NiIsInR5cCI6IkpXVCJ9.eyJfaWQiOiI1ZjU1MGU1NTE2NTRkYzFiODExNmZiYWEiLCJpYXQiOjE1OTk0NjYxNzAsImV4cCI6MTU5OTUwOTM3MH0._03Jph72N3MS8k0sh5Qd-FijZYEoKuM-9pMp3sGA6Q0
07-09-2020 15:18:31 [DEBUG] [D:\Projects\messages service\lib\express\api.js] request:/api/message, body:[0: [object Object], ], jwt:eyJhbGciOiJIUzI1NiIsInR5cCI6IkpXVCJ9.eyJfaWQiOiI1ZjU1MGU1NTE2NTRkYzFiODExNmZiYWEiLCJpYXQiOjE1OTk0NjYxNzAsImV4cCI6MTU5OTUwOTM3MH0._03Jph72N3MS8k0sh5Qd-FijZYEoKuM-9pMp3sGA6Q0
07-09-2020 15:19:09 [INFO] [D:\Projects\messages service\index.js] Mongo Connected
07-09-2020 15:19:09 [INFO] [D:\Projects\messages service\lib\loop\MessageWatcher.js] Message watcher started...
07-09-2020 15:19:13 [DEBUG] [D:\Projects\messages service\lib\express\api.js] request:/api/message, body:[0: [object Object], ], jwt:eyJhbGciOiJIUzI1NiIsInR5cCI6IkpXVCJ9.eyJfaWQiOiI1ZjU1MGU1NTE2NTRkYzFiODExNmZiYWEiLCJpYXQiOjE1OTk0NjYxNzAsImV4cCI6MTU5OTUwOTM3MH0._03Jph72N3MS8k0sh5Qd-FijZYEoKuM-9pMp3sGA6Q0
07-09-2020 15:20:29 [INFO] [D:\Projects\messages service\index.js] Mongo Connected
07-09-2020 15:20:29 [INFO] [D:\Projects\messages service\lib\loop\MessageWatcher.js] Message watcher started...
07-09-2020 15:20:32 [DEBUG] [D:\Projects\messages service\lib\express\api.js] request:/api/message, body:[0: [object Object], ], jwt:eyJhbGciOiJIUzI1NiIsInR5cCI6IkpXVCJ9.eyJfaWQiOiI1ZjU1MGU1NTE2NTRkYzFiODExNmZiYWEiLCJpYXQiOjE1OTk0NjYxNzAsImV4cCI6MTU5OTUwOTM3MH0._03Jph72N3MS8k0sh5Qd-FijZYEoKuM-9pMp3sGA6Q0
07-09-2020 15:21:56 [INFO] [D:\Projects\messages service\index.js] Mongo Connected
07-09-2020 15:21:56 [INFO] [D:\Projects\messages service\lib\loop\MessageWatcher.js] Message watcher started...
07-09-2020 15:21:59 [DEBUG] [D:\Projects\messages service\lib\express\api.js] request:/api/message, body:[0: [object Object], ], jwt:eyJhbGciOiJIUzI1NiIsInR5cCI6IkpXVCJ9.eyJfaWQiOiI1ZjU1MGU1NTE2NTRkYzFiODExNmZiYWEiLCJpYXQiOjE1OTk0NjYxNzAsImV4cCI6MTU5OTUwOTM3MH0._03Jph72N3MS8k0sh5Qd-FijZYEoKuM-9pMp3sGA6Q0
07-09-2020 15:22:42 [INFO] [D:\Projects\messages service\index.js] Mongo Connected
07-09-2020 15:22:42 [INFO] [D:\Projects\messages service\lib\loop\MessageWatcher.js] Message watcher started...
07-09-2020 15:22:45 [DEBUG] [D:\Projects\messages service\lib\express\api.js] request:/api/message, body:[0: [object Object], ], jwt:eyJhbGciOiJIUzI1NiIsInR5cCI6IkpXVCJ9.eyJfaWQiOiI1ZjU1MGU1NTE2NTRkYzFiODExNmZiYWEiLCJpYXQiOjE1OTk0NjYxNzAsImV4cCI6MTU5OTUwOTM3MH0._03Jph72N3MS8k0sh5Qd-FijZYEoKuM-9pMp3sGA6Q0
07-09-2020 15:22:58 [INFO] [D:\Projects\messages service\index.js] Mongo Connected
07-09-2020 15:22:58 [INFO] [D:\Projects\messages service\lib\loop\MessageWatcher.js] Message watcher started...
07-09-2020 15:23:00 [DEBUG] [D:\Projects\messages service\lib\express\api.js] request:/api/message, body:[0: [object Object], ], jwt:eyJhbGciOiJIUzI1NiIsInR5cCI6IkpXVCJ9.eyJfaWQiOiI1ZjU1MGU1NTE2NTRkYzFiODExNmZiYWEiLCJpYXQiOjE1OTk0NjYxNzAsImV4cCI6MTU5OTUwOTM3MH0._03Jph72N3MS8k0sh5Qd-FijZYEoKuM-9pMp3sGA6Q0
07-09-2020 15:26:04 [INFO] [D:\Projects\messages service\index.js] Mongo Connected
07-09-2020 15:26:04 [INFO] [D:\Projects\messages service\lib\loop\MessageWatcher.js] Message watcher started...
07-09-2020 15:26:09 [DEBUG] [D:\Projects\messages service\lib\express\api.js] request:/api/message, body:[0: [object Object], 1: [object Object], ], jwt:eyJhbGciOiJIUzI1NiIsInR5cCI6IkpXVCJ9.eyJfaWQiOiI1ZjU1MGU1NTE2NTRkYzFiODExNmZiYWEiLCJpYXQiOjE1OTk0NjYxNzAsImV4cCI6MTU5OTUwOTM3MH0._03Jph72N3MS8k0sh5Qd-FijZYEoKuM-9pMp3sGA6Q0
07-09-2020 15:26:12 [DEBUG] [D:\Projects\messages service\lib\express\api.js] request:/api/wawebhook, body:[messages: [object Object], instanceId: 156066, ], jwt:undefined
07-09-2020 15:26:21 [DEBUG] [D:\Projects\messages service\lib\express\api.js] request:/api/wawebhook, body:[ack: [object Object], instanceId: 156066, ], jwt:undefined
07-09-2020 15:26:23 [DEBUG] [D:\Projects\messages service\lib\express\api.js] request:/api/wawebhook, body:[ack: [object Object], instanceId: 156066, ], jwt:undefined
07-09-2020 15:26:27 [DEBUG] [D:\Projects\messages service\lib\express\api.js] request:/api/wawebhook, body:[ack: [object Object], instanceId: 156066, ], jwt:undefined
07-09-2020 15:26:27 [DEBUG] [D:\Projects\messages service\lib\express\api.js] request:/api/wawebhook, body:[ack: [object Object], instanceId: 156066, ], jwt:undefined
07-09-2020 15:30:00 [INFO] [D:\Projects\messages service\index.js] Mongo Connected
07-09-2020 15:30:00 [INFO] [D:\Projects\messages service\lib\loop\MessageWatcher.js] Message watcher started...
07-09-2020 15:31:47 [INFO] [D:\Projects\messages service\index.js] Mongo Connected
07-09-2020 15:31:47 [INFO] [D:\Projects\messages service\lib\loop\MessageWatcher.js] Message watcher started...
07-09-2020 15:37:10 [INFO] [D:\Projects\messages service\index.js] Mongo Connected
07-09-2020 15:37:10 [INFO] [D:\Projects\messages service\lib\loop\MessageWatcher.js] Message watcher started...
07-09-2020 15:37:13 [DEBUG] [D:\Projects\messages service\lib\express\api.js] request:/api/message, body:[0: [object Object], 1: [object Object], ], jwt:eyJhbGciOiJIUzI1NiIsInR5cCI6IkpXVCJ9.eyJfaWQiOiI1ZjU1MGU1NTE2NTRkYzFiODExNmZiYWEiLCJpYXQiOjE1OTk0NjYxNzAsImV4cCI6MTU5OTUwOTM3MH0._03Jph72N3MS8k0sh5Qd-FijZYEoKuM-9pMp3sGA6Q0
07-09-2020 15:37:17 [DEBUG] [D:\Projects\messages service\lib\express\api.js] request:/api/wawebhook, body:[messages: [object Object], instanceId: 156066, ], jwt:undefined
07-09-2020 15:37:17 [DEBUG] [D:\Projects\messages service\lib\express\api.js] request:/api/wawebhook, body:[ack: [object Object], instanceId: 156066, ], jwt:undefined
07-09-2020 15:37:18 [DEBUG] [D:\Projects\messages service\lib\express\api.js] request:/api/wawebhook, body:[ack: [object Object], instanceId: 156066, ], jwt:undefined
07-09-2020 15:38:34 [INFO] [D:\Projects\messages service\index.js] Mongo Connected
07-09-2020 15:38:34 [INFO] [D:\Projects\messages service\lib\loop\MessageWatcher.js] Message watcher started...
07-09-2020 15:38:45 [DEBUG] [D:\Projects\messages service\lib\express\api.js] request:/api/message, body:[0: [object Object], ], jwt:eyJhbGciOiJIUzI1NiIsInR5cCI6IkpXVCJ9.eyJfaWQiOiI1ZjU1MGU1NTE2NTRkYzFiODExNmZiYWEiLCJpYXQiOjE1OTk0NjYxNzAsImV4cCI6MTU5OTUwOTM3MH0._03Jph72N3MS8k0sh5Qd-FijZYEoKuM-9pMp3sGA6Q0
07-09-2020 15:38:48 [DEBUG] [D:\Projects\messages service\lib\express\api.js] request:/api/wawebhook, body:[ack: [object Object], instanceId: 156066, ], jwt:undefined
07-09-2020 15:38:48 [DEBUG] [D:\Projects\messages service\lib\express\api.js] request:/api/wawebhook, body:[messages: [object Object], instanceId: 156066, ], jwt:undefined
07-09-2020 15:38:49 [DEBUG] [D:\Projects\messages service\lib\express\api.js] request:/api/wawebhook, body:[ack: [object Object], instanceId: 156066, ], jwt:undefined
07-09-2020 15:39:06 [DEBUG] [D:\Projects\messages service\lib\express\api.js] request:/api/message, body:[0: [object Object], ], jwt:eyJhbGciOiJIUzI1NiIsInR5cCI6IkpXVCJ9.eyJfaWQiOiI1ZjU1MGU1NTE2NTRkYzFiODExNmZiYWEiLCJpYXQiOjE1OTk0NjYxNzAsImV4cCI6MTU5OTUwOTM3MH0._03Jph72N3MS8k0sh5Qd-FijZYEoKuM-9pMp3sGA6Q0
07-09-2020 15:39:09 [DEBUG] [D:\Projects\messages service\lib\express\api.js] request:/api/wawebhook, body:[messages: [object Object], instanceId: 156066, ], jwt:undefined
07-09-2020 15:39:11 [DEBUG] [D:\Projects\messages service\lib\express\api.js] request:/api/wawebhook, body:[ack: [object Object], instanceId: 156066, ], jwt:undefined
07-09-2020 15:39:12 [DEBUG] [D:\Projects\messages service\lib\express\api.js] request:/api/wawebhook, body:[ack: [object Object], instanceId: 156066, ], jwt:undefined
07-09-2020 15:48:09 [INFO] [D:\Projects\messages service\index.js] Mongo Connected
07-09-2020 15:48:09 [INFO] [D:\Projects\messages service\lib\loop\MessageWatcher.js] Message watcher started...
07-09-2020 15:51:22 [INFO] [D:\Projects\messages service\index.js] Mongo Connected
07-09-2020 15:51:22 [INFO] [D:\Projects\messages service\lib\loop\MessageWatcher.js] Message watcher started...
07-09-2020 15:51:43 [DEBUG] [D:\Projects\messages service\lib\express\api.js] request:/api/message, body:[0: [object Object], ], jwt:eyJhbGciOiJIUzI1NiIsInR5cCI6IkpXVCJ9.eyJfaWQiOiI1ZjU1MGU1NTE2NTRkYzFiODExNmZiYWEiLCJpYXQiOjE1OTk0NjYxNzAsImV4cCI6MTU5OTUwOTM3MH0._03Jph72N3MS8k0sh5Qd-FijZYEoKuM-9pMp3sGA6Q0
07-09-2020 15:51:46 [DEBUG] [D:\Projects\messages service\lib\express\api.js] request:/api/wawebhook, body:[messages: [object Object], instanceId: 156066, ], jwt:undefined
07-09-2020 15:51:49 [DEBUG] [D:\Projects\messages service\lib\express\api.js] request:/api/wawebhook, body:[ack: [object Object], instanceId: 156066, ], jwt:undefined
07-09-2020 15:51:50 [DEBUG] [D:\Projects\messages service\lib\express\api.js] request:/api/wawebhook, body:[ack: [object Object], instanceId: 156066, ], jwt:undefined
07-09-2020 15:52:01 [DEBUG] [D:\Projects\messages service\lib\express\api.js] request:/api/wawebhook, body:[ack: [object Object], instanceId: 156066, ], jwt:undefined
07-09-2020 15:52:01 [DEBUG] [D:\Projects\messages service\lib\express\api.js] request:/api/wawebhook, body:[ack: [object Object], instanceId: 156066, ], jwt:undefined
07-09-2020 15:52:01 [DEBUG] [D:\Projects\messages service\lib\express\api.js] request:/api/wawebhook, body:[ack: [object Object], instanceId: 156066, ], jwt:undefined
07-09-2020 15:52:01 [DEBUG] [D:\Projects\messages service\lib\express\api.js] request:/api/wawebhook, body:[ack: [object Object], instanceId: 156066, ], jwt:undefined
07-09-2020 15:54:34 [INFO] [D:\Projects\messages service\index.js] Mongo Connected
07-09-2020 15:54:34 [INFO] [D:\Projects\messages service\lib\loop\MessageWatcher.js] Message watcher started...
07-09-2020 15:58:09 [INFO] [D:\Projects\messages service\index.js] Mongo Connected
07-09-2020 15:58:09 [INFO] [D:\Projects\messages service\lib\loop\MessageWatcher.js] Message watcher started...
07-09-2020 15:58:18 [DEBUG] [D:\Projects\messages service\lib\express\api.js] request:/api/message, body:[0: [object Object], ], jwt:eyJhbGciOiJIUzI1NiIsInR5cCI6IkpXVCJ9.eyJfaWQiOiI1ZjU1MGU1NTE2NTRkYzFiODExNmZiYWEiLCJpYXQiOjE1OTk0NjYxNzAsImV4cCI6MTU5OTUwOTM3MH0._03Jph72N3MS8k0sh5Qd-FijZYEoKuM-9pMp3sGA6Q0
07-09-2020 15:58:21 [DEBUG] [D:\Projects\messages service\lib\express\api.js] request:/api/wawebhook, body:[messages: [object Object], instanceId: 156066, ], jwt:undefined
07-09-2020 15:58:24 [DEBUG] [D:\Projects\messages service\lib\express\api.js] request:/api/wawebhook, body:[ack: [object Object], instanceId: 156066, ], jwt:undefined
07-09-2020 15:58:25 [DEBUG] [D:\Projects\messages service\lib\express\api.js] request:/api/wawebhook, body:[ack: [object Object], instanceId: 156066, ], jwt:undefined
07-09-2020 15:59:05 [INFO] [D:\Projects\messages service\index.js] Mongo Connected
07-09-2020 15:59:05 [INFO] [D:\Projects\messages service\lib\loop\MessageWatcher.js] Message watcher started...
07-09-2020 15:59:15 [INFO] [D:\Projects\messages service\index.js] Mongo Connected
07-09-2020 15:59:15 [INFO] [D:\Projects\messages service\lib\loop\MessageWatcher.js] Message watcher started...
07-09-2020 16:00:41 [DEBUG] [D:\Projects\messages service\lib\express\api.js] request:/api/wawebhook, body:[ack: [object Object], instanceId: 156066, ], jwt:undefined
07-09-2020 16:01:37 [INFO] [D:\Projects\messages service\index.js] Mongo Connected
07-09-2020 16:01:37 [INFO] [D:\Projects\messages service\lib\loop\MessageWatcher.js] Message watcher started...
07-09-2020 16:04:24 [INFO] [D:\Projects\messages service\index.js] Mongo Connected
07-09-2020 16:04:24 [INFO] [D:\Projects\messages service\lib\loop\MessageWatcher.js] Message watcher started...
07-09-2020 16:06:20 [INFO] [D:\Projects\messages service\index.js] Mongo Connected
07-09-2020 16:06:20 [INFO] [D:\Projects\messages service\lib\loop\MessageWatcher.js] Message watcher started...
07-09-2020 16:07:45 [INFO] [D:\Projects\messages service\index.js] Mongo Connected
07-09-2020 16:07:45 [INFO] [D:\Projects\messages service\lib\loop\MessageWatcher.js] Message watcher started...
07-09-2020 16:08:35 [INFO] [D:\Projects\messages service\index.js] Mongo Connected
07-09-2020 16:08:35 [INFO] [D:\Projects\messages service\lib\loop\MessageWatcher.js] Message watcher started...
07-09-2020 16:10:07 [INFO] [D:\Projects\messages service\index.js] Mongo Connected
07-09-2020 16:10:07 [INFO] [D:\Projects\messages service\lib\loop\MessageWatcher.js] Message watcher started...
07-09-2020 16:10:56 [INFO] [D:\Projects\messages service\index.js] Mongo Connected
07-09-2020 16:10:56 [INFO] [D:\Projects\messages service\lib\loop\MessageWatcher.js] Message watcher started...
07-09-2020 16:13:47 [INFO] [D:\Projects\messages service\index.js] Mongo Connected
07-09-2020 16:13:47 [INFO] [D:\Projects\messages service\lib\loop\MessageWatcher.js] Message watcher started...
07-09-2020 16:14:11 [DEBUG] [D:\Projects\messages service\lib\express\api.js] request:/api/message, body:[0: [object Object], 1: [object Object], ], jwt:eyJhbGciOiJIUzI1NiIsInR5cCI6IkpXVCJ9.eyJfaWQiOiI1ZjU1MGU1NTE2NTRkYzFiODExNmZiYWEiLCJpYXQiOjE1OTk0NjYxNzAsImV4cCI6MTU5OTUwOTM3MH0._03Jph72N3MS8k0sh5Qd-FijZYEoKuM-9pMp3sGA6Q0
07-09-2020 16:14:14 [DEBUG] [D:\Projects\messages service\lib\express\api.js] request:/api/wawebhook, body:[messages: [object Object], instanceId: 156066, ], jwt:undefined
07-09-2020 16:14:17 [DEBUG] [D:\Projects\messages service\lib\express\api.js] request:/api/wawebhook, body:[ack: [object Object], instanceId: 156066, ], jwt:undefined
07-09-2020 16:14:17 [DEBUG] [D:\Projects\messages service\lib\express\api.js] request:/api/wawebhook, body:[ack: [object Object], instanceId: 156066, ], jwt:undefined
07-09-2020 16:14:49 [DEBUG] [D:\Projects\messages service\lib\express\api.js] request:/api/wawebhook, body:[ack: [object Object], instanceId: 156066, ], jwt:undefined
07-09-2020 16:14:50 [DEBUG] [D:\Projects\messages service\lib\express\api.js] request:/api/wawebhook, body:[messages: [object Object], instanceId: 156066, ], jwt:undefined
07-09-2020 16:14:50 [DEBUG] [D:\Projects\messages service\lib\express\api.js] request:/api/wawebhook, body:[ack: [object Object], instanceId: 156066, ], jwt:undefined
07-09-2020 16:15:50 [DEBUG] [D:\Projects\messages service\lib\express\api.js] request:/api/wawebhook, body:[messages: [object Object], instanceId: 156066, ], jwt:undefined
07-09-2020 16:15:52 [DEBUG] [D:\Projects\messages service\lib\express\api.js] request:/api/wawebhook, body:[ack: [object Object], instanceId: 156066, ], jwt:undefined
07-09-2020 16:16:00 [DEBUG] [D:\Projects\messages service\lib\express\api.js] request:/api/wawebhook, body:[ack: [object Object], instanceId: 156066, ], jwt:undefined
07-09-2020 16:16:35 [DEBUG] [D:\Projects\messages service\lib\express\api.js] request:/api/wawebhook, body:[ack: [object Object], instanceId: 156066, ], jwt:undefined
07-09-2020 16:16:35 [DEBUG] [D:\Projects\messages service\lib\express\api.js] request:/api/wawebhook, body:[ack: [object Object], instanceId: 156066, ], jwt:undefined
07-09-2020 16:16:35 [DEBUG] [D:\Projects\messages service\lib\express\api.js] request:/api/wawebhook, body:[ack: [object Object], instanceId: 156066, ], jwt:undefined
07-09-2020 16:16:40 [INFO] [D:\Projects\messages service\index.js] Mongo Connected
07-09-2020 16:16:40 [INFO] [D:\Projects\messages service\lib\loop\MessageWatcher.js] Message watcher started...
07-09-2020 16:17:29 [DEBUG] [D:\Projects\messages service\lib\express\api.js] request:/api/message, body:[0: [object Object], 1: [object Object], ], jwt:eyJhbGciOiJIUzI1NiIsInR5cCI6IkpXVCJ9.eyJfaWQiOiI1ZjU1MGU1NTE2NTRkYzFiODExNmZiYWEiLCJpYXQiOjE1OTk0NjYxNzAsImV4cCI6MTU5OTUwOTM3MH0._03Jph72N3MS8k0sh5Qd-FijZYEoKuM-9pMp3sGA6Q0
07-09-2020 16:17:32 [DEBUG] [D:\Projects\messages service\lib\express\api.js] request:/api/wawebhook, body:[messages: [object Object], instanceId: 156066, ], jwt:undefined
07-09-2020 16:17:34 [DEBUG] [D:\Projects\messages service\lib\express\api.js] request:/api/wawebhook, body:[ack: [object Object], instanceId: 156066, ], jwt:undefined
07-09-2020 16:17:35 [DEBUG] [D:\Projects\messages service\lib\express\api.js] request:/api/wawebhook, body:[ack: [object Object], instanceId: 156066, ], jwt:undefined
07-09-2020 16:18:00 [INFO] [D:\Projects\messages service\index.js] Mongo Connected
07-09-2020 16:18:00 [INFO] [D:\Projects\messages service\lib\loop\MessageWatcher.js] Message watcher started...
07-09-2020 16:18:08 [INFO] [D:\Projects\messages service\index.js] Mongo Connected
07-09-2020 16:18:08 [INFO] [D:\Projects\messages service\lib\loop\MessageWatcher.js] Message watcher started...
07-09-2020 16:23:40 [INFO] [D:\Projects\messages service\index.js] Mongo Connected
07-09-2020 16:23:40 [INFO] [D:\Projects\messages service\lib\loop\MessageWatcher.js] Message watcher started...
07-09-2020 16:25:38 [INFO] [D:\Projects\messages service\index.js] Mongo Connected
07-09-2020 16:25:38 [INFO] [D:\Projects\messages service\lib\loop\MessageWatcher.js] Message watcher started...
07-09-2020 16:25:56 [DEBUG] [D:\Projects\messages service\lib\express\api.js] request:/api/message, body:[test: 1, ], jwt:undefined
07-09-2020 16:25:56 [WARN] [D:\Projects\messages service\lib\express\verifyToken.js] request:/api/message without authorization token
07-09-2020 16:26:19 [DEBUG] [D:\Projects\messages service\lib\express\api.js] request:/api/message, body:[], jwt:eyJhbGciOiJIUzI1NiIsInR5cCI6IkpXVCJ9.eyJfaWQiOiI1ZjU1MGU1NTE2NTRkYzFiODExNmZiYWEiLCJpYXQiOjE1OTk0NjYxNzAsImV4cCI6MTU5OTUwOTM3MH0._03Jph72N3MS8k0sh5Qd-FijZYEoKuM-9pMp3sGA6Q0
07-09-2020 16:35:03 [INFO] [D:\Projects\messages service\index.js] Mongo Connected
07-09-2020 16:35:03 [INFO] [D:\Projects\messages service\lib\loop\MessageWatcher.js] Message watcher started...
07-09-2020 16:35:05 [DEBUG] [D:\Projects\messages service\lib\express\api.js] request:/api/message, body:[], jwt:eyJhbGciOiJIUzI1NiIsInR5cCI6IkpXVCJ9.eyJfaWQiOiI1ZjU1MGU1NTE2NTRkYzFiODExNmZiYWEiLCJpYXQiOjE1OTk0NjYxNzAsImV4cCI6MTU5OTUwOTM3MH0._03Jph72N3MS8k0sh5Qd-FijZYEoKuM-9pMp3sGA6Q0
07-09-2020 16:35:23 [DEBUG] [D:\Projects\messages service\lib\express\api.js] request:/api/message?verified=true, body:[], jwt:eyJhbGciOiJIUzI1NiIsInR5cCI6IkpXVCJ9.eyJfaWQiOiI1ZjU1MGU1NTE2NTRkYzFiODExNmZiYWEiLCJpYXQiOjE1OTk0NjYxNzAsImV4cCI6MTU5OTUwOTM3MH0._03Jph72N3MS8k0sh5Qd-FijZYEoKuM-9pMp3sGA6Q0
07-09-2020 16:36:59 [INFO] [D:\Projects\messages service\index.js] Mongo Connected
07-09-2020 16:36:59 [INFO] [D:\Projects\messages service\lib\loop\MessageWatcher.js] Message watcher started...
07-09-2020 16:37:02 [DEBUG] [D:\Projects\messages service\lib\express\api.js] request:/api/message?verified=true, body:[], jwt:eyJhbGciOiJIUzI1NiIsInR5cCI6IkpXVCJ9.eyJfaWQiOiI1ZjU1MGU1NTE2NTRkYzFiODExNmZiYWEiLCJpYXQiOjE1OTk0NjYxNzAsImV4cCI6MTU5OTUwOTM3MH0._03Jph72N3MS8k0sh5Qd-FijZYEoKuM-9pMp3sGA6Q0
07-09-2020 16:37:40 [INFO] [D:\Projects\messages service\index.js] Mongo Connected
07-09-2020 16:37:40 [INFO] [D:\Projects\messages service\lib\loop\MessageWatcher.js] Message watcher started...
07-09-2020 16:37:43 [DEBUG] [D:\Projects\messages service\lib\express\api.js] request:/api/message?verified=true, body:[], jwt:eyJhbGciOiJIUzI1NiIsInR5cCI6IkpXVCJ9.eyJfaWQiOiI1ZjU1MGU1NTE2NTRkYzFiODExNmZiYWEiLCJpYXQiOjE1OTk0NjYxNzAsImV4cCI6MTU5OTUwOTM3MH0._03Jph72N3MS8k0sh5Qd-FijZYEoKuM-9pMp3sGA6Q0
07-09-2020 16:39:29 [INFO] [D:\Projects\messages service\index.js] Mongo Connected
07-09-2020 16:39:29 [INFO] [D:\Projects\messages service\lib\loop\MessageWatcher.js] Message watcher started...
07-09-2020 16:39:57 [DEBUG] [D:\Projects\messages service\lib\express\api.js] request:/api/message, body:[0: [object Object], 1: [object Object], ], jwt:eyJhbGciOiJIUzI1NiIsInR5cCI6IkpXVCJ9.eyJfaWQiOiI1ZjU1MGU1NTE2NTRkYzFiODExNmZiYWEiLCJpYXQiOjE1OTk0NjYxNzAsImV4cCI6MTU5OTUwOTM3MH0._03Jph72N3MS8k0sh5Qd-FijZYEoKuM-9pMp3sGA6Q0
07-09-2020 16:40:01 [DEBUG] [D:\Projects\messages service\lib\express\api.js] request:/api/wawebhook, body:[messages: [object Object], instanceId: 156066, ], jwt:undefined
07-09-2020 16:40:03 [DEBUG] [D:\Projects\messages service\lib\express\api.js] request:/api/wawebhook, body:[ack: [object Object], instanceId: 156066, ], jwt:undefined
07-09-2020 16:40:04 [DEBUG] [D:\Projects\messages service\lib\express\api.js] request:/api/wawebhook, body:[ack: [object Object], instanceId: 156066, ], jwt:undefined
07-09-2020 16:41:34 [INFO] [D:\Projects\messages service\index.js] Mongo Connected
07-09-2020 16:41:34 [INFO] [D:\Projects\messages service\lib\loop\MessageWatcher.js] Message watcher started...
07-09-2020 16:41:40 [DEBUG] [D:\Projects\messages service\lib\express\api.js] request:/api/message?verified=true, body:[], jwt:eyJhbGciOiJIUzI1NiIsInR5cCI6IkpXVCJ9.eyJfaWQiOiI1ZjU1MGU1NTE2NTRkYzFiODExNmZiYWEiLCJpYXQiOjE1OTk0NjYxNzAsImV4cCI6MTU5OTUwOTM3MH0._03Jph72N3MS8k0sh5Qd-FijZYEoKuM-9pMp3sGA6Q0
07-09-2020 16:42:02 [DEBUG] [D:\Projects\messages service\lib\express\api.js] request:/api/message?fields=sender, body:[], jwt:eyJhbGciOiJIUzI1NiIsInR5cCI6IkpXVCJ9.eyJfaWQiOiI1ZjU1MGU1NTE2NTRkYzFiODExNmZiYWEiLCJpYXQiOjE1OTk0NjYxNzAsImV4cCI6MTU5OTUwOTM3MH0._03Jph72N3MS8k0sh5Qd-FijZYEoKuM-9pMp3sGA6Q0
07-09-2020 16:42:04 [DEBUG] [D:\Projects\messages service\lib\express\api.js] request:/api/message?fields=sender, body:[], jwt:eyJhbGciOiJIUzI1NiIsInR5cCI6IkpXVCJ9.eyJfaWQiOiI1ZjU1MGU1NTE2NTRkYzFiODExNmZiYWEiLCJpYXQiOjE1OTk0NjYxNzAsImV4cCI6MTU5OTUwOTM3MH0._03Jph72N3MS8k0sh5Qd-FijZYEoKuM-9pMp3sGA6Q0
07-09-2020 16:42:12 [INFO] [D:\Projects\messages service\index.js] Mongo Connected
07-09-2020 16:42:12 [INFO] [D:\Projects\messages service\lib\loop\MessageWatcher.js] Message watcher started...
07-09-2020 16:42:15 [DEBUG] [D:\Projects\messages service\lib\express\api.js] request:/api/message?fields=sender, body:[], jwt:eyJhbGciOiJIUzI1NiIsInR5cCI6IkpXVCJ9.eyJfaWQiOiI1ZjU1MGU1NTE2NTRkYzFiODExNmZiYWEiLCJpYXQiOjE1OTk0NjYxNzAsImV4cCI6MTU5OTUwOTM3MH0._03Jph72N3MS8k0sh5Qd-FijZYEoKuM-9pMp3sGA6Q0
07-09-2020 16:42:34 [INFO] [D:\Projects\messages service\index.js] Mongo Connected
07-09-2020 16:42:34 [INFO] [D:\Projects\messages service\lib\loop\MessageWatcher.js] Message watcher started...
07-09-2020 16:42:37 [DEBUG] [D:\Projects\messages service\lib\express\api.js] request:/api/message?fields=sender, body:[], jwt:eyJhbGciOiJIUzI1NiIsInR5cCI6IkpXVCJ9.eyJfaWQiOiI1ZjU1MGU1NTE2NTRkYzFiODExNmZiYWEiLCJpYXQiOjE1OTk0NjYxNzAsImV4cCI6MTU5OTUwOTM3MH0._03Jph72N3MS8k0sh5Qd-FijZYEoKuM-9pMp3sGA6Q0
07-09-2020 16:42:37 [ERROR] [D:\Projects\messages service\lib\express\responseHandlers.js] TypeError: req.query.slice is not a function
    at router.get.APIHandler.processor.process (D:\Projects\messages service\lib\express\routes\message.js:15:34)
    at D:\Projects\messages service\lib\express\responseHandlers.js:29:37
    at processTicksAndRejections (internal/process/task_queues.js:97:5)
    at async D:\Projects\messages service\lib\express\responseHandlers.js:66:25
07-09-2020 16:44:01 [INFO] [D:\Projects\messages service\index.js] Mongo Connected
07-09-2020 16:44:01 [INFO] [D:\Projects\messages service\lib\loop\MessageWatcher.js] Message watcher started...
07-09-2020 16:44:04 [DEBUG] [D:\Projects\messages service\lib\express\api.js] request:/api/message?fields=sender, body:[], jwt:eyJhbGciOiJIUzI1NiIsInR5cCI6IkpXVCJ9.eyJfaWQiOiI1ZjU1MGU1NTE2NTRkYzFiODExNmZiYWEiLCJpYXQiOjE1OTk0NjYxNzAsImV4cCI6MTU5OTUwOTM3MH0._03Jph72N3MS8k0sh5Qd-FijZYEoKuM-9pMp3sGA6Q0
07-09-2020 16:45:37 [INFO] [D:\Projects\messages service\index.js] Mongo Connected
07-09-2020 16:45:37 [INFO] [D:\Projects\messages service\lib\loop\MessageWatcher.js] Message watcher started...
07-09-2020 16:45:40 [DEBUG] [D:\Projects\messages service\lib\express\api.js] request:/api/message?fields=sender, body:[], jwt:eyJhbGciOiJIUzI1NiIsInR5cCI6IkpXVCJ9.eyJfaWQiOiI1ZjU1MGU1NTE2NTRkYzFiODExNmZiYWEiLCJpYXQiOjE1OTk0NjYxNzAsImV4cCI6MTU5OTUwOTM3MH0._03Jph72N3MS8k0sh5Qd-FijZYEoKuM-9pMp3sGA6Q0
07-09-2020 16:45:48 [DEBUG] [D:\Projects\messages service\lib\express\api.js] request:/api/message?fields=sender,sender=sms, body:[], jwt:eyJhbGciOiJIUzI1NiIsInR5cCI6IkpXVCJ9.eyJfaWQiOiI1ZjU1MGU1NTE2NTRkYzFiODExNmZiYWEiLCJpYXQiOjE1OTk0NjYxNzAsImV4cCI6MTU5OTUwOTM3MH0._03Jph72N3MS8k0sh5Qd-FijZYEoKuM-9pMp3sGA6Q0
07-09-2020 16:46:17 [INFO] [D:\Projects\messages service\index.js] Mongo Connected
07-09-2020 16:46:17 [INFO] [D:\Projects\messages service\lib\loop\MessageWatcher.js] Message watcher started...
07-09-2020 16:46:18 [DEBUG] [D:\Projects\messages service\lib\express\api.js] request:/api/message?fields=sender,sender=sms, body:[], jwt:eyJhbGciOiJIUzI1NiIsInR5cCI6IkpXVCJ9.eyJfaWQiOiI1ZjU1MGU1NTE2NTRkYzFiODExNmZiYWEiLCJpYXQiOjE1OTk0NjYxNzAsImV4cCI6MTU5OTUwOTM3MH0._03Jph72N3MS8k0sh5Qd-FijZYEoKuM-9pMp3sGA6Q0
07-09-2020 16:46:52 [INFO] [D:\Projects\messages service\index.js] Mongo Connected
07-09-2020 16:46:52 [INFO] [D:\Projects\messages service\lib\loop\MessageWatcher.js] Message watcher started...
07-09-2020 16:46:55 [DEBUG] [D:\Projects\messages service\lib\express\api.js] request:/api/message?fields=sender,sender=sms, body:[], jwt:eyJhbGciOiJIUzI1NiIsInR5cCI6IkpXVCJ9.eyJfaWQiOiI1ZjU1MGU1NTE2NTRkYzFiODExNmZiYWEiLCJpYXQiOjE1OTk0NjYxNzAsImV4cCI6MTU5OTUwOTM3MH0._03Jph72N3MS8k0sh5Qd-FijZYEoKuM-9pMp3sGA6Q0
07-09-2020 16:47:13 [DEBUG] [D:\Projects\messages service\lib\express\api.js] request:/api/message?fields=sender&sender=sms, body:[], jwt:eyJhbGciOiJIUzI1NiIsInR5cCI6IkpXVCJ9.eyJfaWQiOiI1ZjU1MGU1NTE2NTRkYzFiODExNmZiYWEiLCJpYXQiOjE1OTk0NjYxNzAsImV4cCI6MTU5OTUwOTM3MH0._03Jph72N3MS8k0sh5Qd-FijZYEoKuM-9pMp3sGA6Q0
07-09-2020 16:47:27 [INFO] [D:\Projects\messages service\index.js] Mongo Connected
07-09-2020 16:47:27 [INFO] [D:\Projects\messages service\lib\loop\MessageWatcher.js] Message watcher started...
07-09-2020 16:47:45 [DEBUG] [D:\Projects\messages service\lib\express\api.js] request:/api/message?sender=sms, body:[], jwt:eyJhbGciOiJIUzI1NiIsInR5cCI6IkpXVCJ9.eyJfaWQiOiI1ZjU1MGU1NTE2NTRkYzFiODExNmZiYWEiLCJpYXQiOjE1OTk0NjYxNzAsImV4cCI6MTU5OTUwOTM3MH0._03Jph72N3MS8k0sh5Qd-FijZYEoKuM-9pMp3sGA6Q0
07-09-2020 16:47:55 [DEBUG] [D:\Projects\messages service\lib\express\api.js] request:/api/message?sender=whatsapp, body:[], jwt:eyJhbGciOiJIUzI1NiIsInR5cCI6IkpXVCJ9.eyJfaWQiOiI1ZjU1MGU1NTE2NTRkYzFiODExNmZiYWEiLCJpYXQiOjE1OTk0NjYxNzAsImV4cCI6MTU5OTUwOTM3MH0._03Jph72N3MS8k0sh5Qd-FijZYEoKuM-9pMp3sGA6Q0
07-09-2020 16:48:32 [INFO] [D:\Projects\messages service\index.js] Mongo Connected
07-09-2020 16:48:32 [INFO] [D:\Projects\messages service\lib\loop\MessageWatcher.js] Message watcher started...
07-09-2020 17:04:13 [INFO] [D:\Projects\messages service\index.js] Mongo Connected
07-09-2020 17:04:13 [INFO] [D:\Projects\messages service\lib\loop\MessageWatcher.js] Message watcher started...
07-09-2020 17:04:37 [INFO] [D:\Projects\messages service\index.js] Mongo Connected
07-09-2020 17:04:37 [INFO] [D:\Projects\messages service\lib\loop\MessageWatcher.js] Message watcher started...
07-09-2020 17:05:13 [DEBUG] [D:\Projects\messages service\lib\express\api.js] request:/api/message, body:[0: [object Object], 1: [object Object], ], jwt:eyJhbGciOiJIUzI1NiIsInR5cCI6IkpXVCJ9.eyJfaWQiOiI1ZjU1MGU1NTE2NTRkYzFiODExNmZiYWEiLCJpYXQiOjE1OTk0NjYxNzAsImV4cCI6MTU5OTUwOTM3MH0._03Jph72N3MS8k0sh5Qd-FijZYEoKuM-9pMp3sGA6Q0
07-09-2020 17:05:16 [DEBUG] [D:\Projects\messages service\lib\express\api.js] request:/api/wawebhook, body:[messages: [object Object], instanceId: 156066, ], jwt:undefined
07-09-2020 17:05:34 [DEBUG] [D:\Projects\messages service\lib\express\api.js] request:/api/wawebhook, body:[ack: [object Object], instanceId: 156066, ], jwt:undefined
07-09-2020 17:05:35 [DEBUG] [D:\Projects\messages service\lib\express\api.js] request:/api/wawebhook, body:[ack: [object Object], instanceId: 156066, ], jwt:undefined
07-09-2020 17:05:39 [DEBUG] [D:\Projects\messages service\lib\express\api.js] request:/api/wawebhook, body:[ack: [object Object], instanceId: 156066, ], jwt:undefined
07-09-2020 17:05:39 [DEBUG] [D:\Projects\messages service\lib\express\api.js] request:/api/wawebhook, body:[ack: [object Object], instanceId: 156066, ], jwt:undefined
07-09-2020 17:05:39 [DEBUG] [D:\Projects\messages service\lib\express\api.js] request:/api/wawebhook, body:[ack: [object Object], instanceId: 156066, ], jwt:undefined
07-09-2020 17:06:16 [INFO] [D:\Projects\messages service\index.js] Mongo Connected
07-09-2020 17:06:16 [INFO] [D:\Projects\messages service\lib\loop\MessageWatcher.js] Message watcher started...
07-09-2020 17:06:20 [DEBUG] [D:\Projects\messages service\lib\express\api.js] request:/api/message, body:[0: [object Object], 1: [object Object], ], jwt:eyJhbGciOiJIUzI1NiIsInR5cCI6IkpXVCJ9.eyJfaWQiOiI1ZjU1MGU1NTE2NTRkYzFiODExNmZiYWEiLCJpYXQiOjE1OTk0NjYxNzAsImV4cCI6MTU5OTUwOTM3MH0._03Jph72N3MS8k0sh5Qd-FijZYEoKuM-9pMp3sGA6Q0
07-09-2020 17:07:40 [INFO] [D:\Projects\messages service\index.js] Mongo Connected
07-09-2020 17:07:40 [INFO] [D:\Projects\messages service\lib\loop\MessageWatcher.js] Message watcher started...
07-09-2020 17:12:02 [INFO] [D:\Projects\messages service\index.js] Mongo Connected
07-09-2020 17:12:02 [INFO] [D:\Projects\messages service\lib\loop\MessageWatcher.js] Message watcher started...
07-09-2020 17:15:29 [INFO] [D:\Projects\messages service\index.js] Mongo Connected
07-09-2020 17:15:29 [INFO] [D:\Projects\messages service\lib\loop\MessageWatcher.js] Message watcher started...
07-09-2020 17:15:50 [INFO] [D:\Projects\messages service\index.js] Mongo Connected
07-09-2020 17:15:50 [INFO] [D:\Projects\messages service\lib\loop\MessageWatcher.js] Message watcher started...
07-09-2020 17:17:10 [INFO] [D:\Projects\messages service\index.js] Mongo Connected
07-09-2020 17:17:10 [INFO] [D:\Projects\messages service\lib\loop\MessageWatcher.js] Message watcher started...
07-09-2020 17:18:38 [INFO] [D:\Projects\messages service\index.js] Mongo Connected
07-09-2020 17:18:38 [INFO] [D:\Projects\messages service\lib\loop\MessageWatcher.js] Message watcher started...
07-09-2020 17:18:52 [INFO] [D:\Projects\messages service\index.js] Mongo Connected
07-09-2020 17:18:52 [INFO] [D:\Projects\messages service\lib\loop\MessageWatcher.js] Message watcher started...
07-09-2020 17:19:07 [DEBUG] [D:\Projects\messages service\lib\express\api.js] request:/api/wawebhook, body:[messages: [object Object], instanceId: 156066, ], jwt:undefined
07-09-2020 17:19:10 [DEBUG] [D:\Projects\messages service\lib\express\api.js] request:/api/wawebhook, body:[ack: [object Object], instanceId: 156066, ], jwt:undefined
07-09-2020 17:19:11 [DEBUG] [D:\Projects\messages service\lib\express\api.js] request:/api/wawebhook, body:[ack: [object Object], instanceId: 156066, ], jwt:undefined
07-09-2020 17:19:18 [INFO] [D:\Projects\messages service\index.js] Mongo Connected
07-09-2020 17:19:18 [INFO] [D:\Projects\messages service\lib\loop\MessageWatcher.js] Message watcher started...
07-09-2020 17:19:23 [DEBUG] [D:\Projects\messages service\lib\express\api.js] request:/api/wawebhook, body:[ack: [object Object], instanceId: 156066, ], jwt:undefined
07-09-2020 17:19:48 [INFO] [D:\Projects\messages service\index.js] Mongo Connected
07-09-2020 17:19:48 [INFO] [D:\Projects\messages service\lib\loop\MessageWatcher.js] Message watcher started...
07-09-2020 20:23:22 [INFO] [D:\Projects\messages service\index.js] Mongo Connected
07-09-2020 20:23:22 [INFO] [D:\Projects\messages service\lib\loop\MessageWatcher.js] Message watcher started...
07-09-2020 20:24:28 [DEBUG] [D:\Projects\messages service\lib\express\api.js] request:/api/ping, body:[], jwt:undefined
07-09-2020 20:24:54 [INFO] [D:\Projects\messages service\index.js] Mongo Connected
07-09-2020 20:24:54 [INFO] [D:\Projects\messages service\lib\loop\MessageWatcher.js] Message watcher started...
07-09-2020 20:24:56 [DEBUG] [D:\Projects\messages service\lib\express\api.js] request:/api/ping, body:[], jwt:undefined
07-09-2020 20:24:56 [WARN] [D:\Projects\messages service\lib\express\verifyToken.js] request:/api/ping without authorization token
07-09-2020 20:25:09 [DEBUG] [D:\Projects\messages service\lib\express\api.js] request:/api/auth, body:[user: admin, password: Wsh3, ], jwt:undefined
07-09-2020 20:25:16 [DEBUG] [D:\Projects\messages service\lib\express\api.js] request:/api/ping, body:[], jwt:eyJhbGciOiJIUzI1NiIsInR5cCI6IkpXVCJ9.eyJfaWQiOiI1ZjU1MGU1NTE2NTRkYzFiODExNmZiYWEiLCJpYXQiOjE1OTk0OTk1MDksImV4cCI6MTU5OTU0MjcwOX0.rT-xY9HDufTcMVuvv-jy6y41A2EQsCYIQXofI39sJIg
07-09-2020 20:26:35 [INFO] [D:\Projects\messages service\index.js] Mongo Connected
07-09-2020 20:26:35 [INFO] [D:\Projects\messages service\lib\loop\MessageWatcher.js] Message watcher started...
07-09-2020 22:36:56 [DEBUG] [D:\Projects\messages service\lib\express\api.js] request:/api/message, body:[], jwt:[object Object]
07-09-2020 22:36:56 [WARN] [D:\Projects\messages service\lib\express\verifyToken.js] jwt malformed
07-09-2020 22:38:20 [DEBUG] [D:\Projects\messages service\lib\express\api.js] request:/api/message, body:[], jwt:[object Object]
07-09-2020 22:38:20 [WARN] [D:\Projects\messages service\lib\express\verifyToken.js] jwt malformed
07-09-2020 22:39:19 [DEBUG] [D:\Projects\messages service\lib\express\api.js] request:/api/message, body:[], jwt:[object Object]
07-09-2020 22:39:19 [WARN] [D:\Projects\messages service\lib\express\verifyToken.js] jwt malformed
07-09-2020 22:40:18 [DEBUG] [D:\Projects\messages service\lib\express\api.js] request:/api/message, body:[], jwt:[object Object]
07-09-2020 22:40:18 [WARN] [D:\Projects\messages service\lib\express\verifyToken.js] jwt malformed
07-09-2020 22:40:48 [DEBUG] [D:\Projects\messages service\lib\express\api.js] request:/api/message, body:[], jwt:[object Object]
07-09-2020 22:40:48 [WARN] [D:\Projects\messages service\lib\express\verifyToken.js] jwt malformed
07-09-2020 22:41:13 [DEBUG] [D:\Projects\messages service\lib\express\api.js] request:/api/message, body:[], jwt:[object Object]
07-09-2020 22:41:13 [WARN] [D:\Projects\messages service\lib\express\verifyToken.js] jwt malformed
07-09-2020 22:41:20 [DEBUG] [D:\Projects\messages service\lib\express\api.js] request:/api/message, body:[], jwt:[object Object]
07-09-2020 22:41:20 [WARN] [D:\Projects\messages service\lib\express\verifyToken.js] jwt malformed
07-09-2020 22:41:32 [DEBUG] [D:\Projects\messages service\lib\express\api.js] request:/api/message, body:[], jwt:[object Object]
07-09-2020 22:41:32 [WARN] [D:\Projects\messages service\lib\express\verifyToken.js] jwt malformed
07-09-2020 22:42:14 [DEBUG] [D:\Projects\messages service\lib\express\api.js] request:/api/message, body:[], jwt:[object Object]
07-09-2020 22:42:14 [WARN] [D:\Projects\messages service\lib\express\verifyToken.js] jwt malformed
07-09-2020 22:42:14 [DEBUG] [D:\Projects\messages service\lib\express\api.js] request:/api/message, body:[], jwt:undefined
07-09-2020 22:42:14 [WARN] [D:\Projects\messages service\lib\express\verifyToken.js] request:/api/message without authorization token
07-09-2020 22:42:14 [DEBUG] [D:\Projects\messages service\lib\express\api.js] request:/api/message, body:[], jwt:[object Object]
07-09-2020 22:42:14 [WARN] [D:\Projects\messages service\lib\express\verifyToken.js] jwt malformed
07-09-2020 22:42:46 [DEBUG] [D:\Projects\messages service\lib\express\api.js] request:/api/message, body:[], jwt:[object Object]
07-09-2020 22:42:46 [WARN] [D:\Projects\messages service\lib\express\verifyToken.js] jwt malformed
07-09-2020 22:42:59 [DEBUG] [D:\Projects\messages service\lib\express\api.js] request:/api/message, body:[], jwt:[object Object]
07-09-2020 22:42:59 [WARN] [D:\Projects\messages service\lib\express\verifyToken.js] jwt malformed
07-09-2020 22:42:59 [DEBUG] [D:\Projects\messages service\lib\express\api.js] request:/api/message, body:[], jwt:undefined
07-09-2020 22:42:59 [WARN] [D:\Projects\messages service\lib\express\verifyToken.js] request:/api/message without authorization token
07-09-2020 22:42:59 [DEBUG] [D:\Projects\messages service\lib\express\api.js] request:/api/message, body:[], jwt:[object Object]
07-09-2020 22:42:59 [WARN] [D:\Projects\messages service\lib\express\verifyToken.js] jwt malformed
07-09-2020 22:43:22 [DEBUG] [D:\Projects\messages service\lib\express\api.js] request:/api/message, body:[], jwt:[object Object]
07-09-2020 22:43:22 [WARN] [D:\Projects\messages service\lib\express\verifyToken.js] jwt malformed
07-09-2020 22:43:22 [DEBUG] [D:\Projects\messages service\lib\express\api.js] request:/api/message, body:[], jwt:undefined
07-09-2020 22:43:22 [WARN] [D:\Projects\messages service\lib\express\verifyToken.js] request:/api/message without authorization token
07-09-2020 22:43:22 [DEBUG] [D:\Projects\messages service\lib\express\api.js] request:/api/message, body:[], jwt:[object Object]
07-09-2020 22:43:22 [WARN] [D:\Projects\messages service\lib\express\verifyToken.js] jwt malformed
07-09-2020 22:44:22 [DEBUG] [D:\Projects\messages service\lib\express\api.js] request:/api/message, body:[], jwt:[object Object]
07-09-2020 22:44:22 [WARN] [D:\Projects\messages service\lib\express\verifyToken.js] jwt malformed
07-09-2020 22:44:22 [DEBUG] [D:\Projects\messages service\lib\express\api.js] request:/api/message, body:[], jwt:undefined
07-09-2020 22:44:22 [WARN] [D:\Projects\messages service\lib\express\verifyToken.js] request:/api/message without authorization token
07-09-2020 22:44:22 [DEBUG] [D:\Projects\messages service\lib\express\api.js] request:/api/message, body:[], jwt:[object Object]
07-09-2020 22:44:22 [WARN] [D:\Projects\messages service\lib\express\verifyToken.js] jwt malformed
07-09-2020 22:44:41 [DEBUG] [D:\Projects\messages service\lib\express\api.js] request:/api/message, body:[], jwt:[object Object]
07-09-2020 22:44:41 [WARN] [D:\Projects\messages service\lib\express\verifyToken.js] jwt malformed
07-09-2020 22:44:41 [DEBUG] [D:\Projects\messages service\lib\express\api.js] request:/api/message, body:[], jwt:undefined
07-09-2020 22:44:41 [WARN] [D:\Projects\messages service\lib\express\verifyToken.js] request:/api/message without authorization token
07-09-2020 22:44:41 [DEBUG] [D:\Projects\messages service\lib\express\api.js] request:/api/message, body:[], jwt:[object Object]
07-09-2020 22:44:41 [WARN] [D:\Projects\messages service\lib\express\verifyToken.js] jwt malformed
07-09-2020 22:44:50 [DEBUG] [D:\Projects\messages service\lib\express\api.js] request:/api/message, body:[], jwt:[object Object]
07-09-2020 22:44:50 [WARN] [D:\Projects\messages service\lib\express\verifyToken.js] jwt malformed
07-09-2020 22:44:50 [DEBUG] [D:\Projects\messages service\lib\express\api.js] request:/api/message, body:[], jwt:undefined
07-09-2020 22:44:50 [WARN] [D:\Projects\messages service\lib\express\verifyToken.js] request:/api/message without authorization token
07-09-2020 22:44:50 [DEBUG] [D:\Projects\messages service\lib\express\api.js] request:/api/message, body:[], jwt:[object Object]
07-09-2020 22:44:50 [WARN] [D:\Projects\messages service\lib\express\verifyToken.js] jwt malformed
07-09-2020 22:44:59 [DEBUG] [D:\Projects\messages service\lib\express\api.js] request:/api/message, body:[], jwt:[object Object]
07-09-2020 22:44:59 [WARN] [D:\Projects\messages service\lib\express\verifyToken.js] jwt malformed
07-09-2020 22:44:59 [DEBUG] [D:\Projects\messages service\lib\express\api.js] request:/api/message, body:[], jwt:undefined
07-09-2020 22:44:59 [WARN] [D:\Projects\messages service\lib\express\verifyToken.js] request:/api/message without authorization token
07-09-2020 22:44:59 [DEBUG] [D:\Projects\messages service\lib\express\api.js] request:/api/message, body:[], jwt:[object Object]
07-09-2020 22:44:59 [WARN] [D:\Projects\messages service\lib\express\verifyToken.js] jwt malformed
07-09-2020 22:48:25 [DEBUG] [D:\Projects\messages service\lib\express\api.js] request:/api/message, body:[], jwt:[object Object]
07-09-2020 22:48:25 [WARN] [D:\Projects\messages service\lib\express\verifyToken.js] jwt malformed
07-09-2020 22:48:25 [DEBUG] [D:\Projects\messages service\lib\express\api.js] request:/api/auth, body:[], jwt:undefined
07-09-2020 22:48:25 [DEBUG] [D:\Projects\messages service\lib\express\api.js] request:/api/message, body:[], jwt:[object Object]
07-09-2020 22:48:25 [WARN] [D:\Projects\messages service\lib\express\verifyToken.js] jwt malformed
07-09-2020 22:48:57 [DEBUG] [D:\Projects\messages service\lib\express\api.js] request:/api/message, body:[], jwt:[object Object]
07-09-2020 22:48:57 [WARN] [D:\Projects\messages service\lib\express\verifyToken.js] jwt malformed
07-09-2020 22:48:57 [DEBUG] [D:\Projects\messages service\lib\express\api.js] request:/api/auth, body:[], jwt:undefined
07-09-2020 22:48:57 [DEBUG] [D:\Projects\messages service\lib\express\api.js] request:/api/message, body:[], jwt:[object Object]
07-09-2020 22:48:57 [WARN] [D:\Projects\messages service\lib\express\verifyToken.js] jwt malformed
07-09-2020 22:49:46 [DEBUG] [D:\Projects\messages service\lib\express\api.js] request:/api/message, body:[], jwt:[object Object]
07-09-2020 22:49:46 [WARN] [D:\Projects\messages service\lib\express\verifyToken.js] jwt malformed
07-09-2020 22:49:46 [DEBUG] [D:\Projects\messages service\lib\express\api.js] request:/api/auth, body:[], jwt:undefined
07-09-2020 22:49:46 [DEBUG] [D:\Projects\messages service\lib\express\api.js] request:/api/message, body:[], jwt:[object Object]
07-09-2020 22:49:46 [WARN] [D:\Projects\messages service\lib\express\verifyToken.js] jwt malformed
07-09-2020 22:50:13 [DEBUG] [D:\Projects\messages service\lib\express\api.js] request:/api/message, body:[], jwt:[object Object]
07-09-2020 22:50:13 [WARN] [D:\Projects\messages service\lib\express\verifyToken.js] jwt malformed
07-09-2020 22:50:13 [DEBUG] [D:\Projects\messages service\lib\express\api.js] request:/api/auth, body:[], jwt:undefined
07-09-2020 22:50:13 [DEBUG] [D:\Projects\messages service\lib\express\api.js] request:/api/message, body:[], jwt:[object Object]
07-09-2020 22:50:13 [WARN] [D:\Projects\messages service\lib\express\verifyToken.js] jwt malformed
07-09-2020 22:51:20 [DEBUG] [D:\Projects\messages service\lib\express\api.js] request:/api/message, body:[], jwt:[object Object]
07-09-2020 22:51:20 [WARN] [D:\Projects\messages service\lib\express\verifyToken.js] jwt malformed
07-09-2020 22:51:20 [DEBUG] [D:\Projects\messages service\lib\express\api.js] request:/api/auth, body:[], jwt:undefined
07-09-2020 22:51:20 [DEBUG] [D:\Projects\messages service\lib\express\api.js] request:/api/message, body:[], jwt:[object Object]
07-09-2020 22:51:20 [WARN] [D:\Projects\messages service\lib\express\verifyToken.js] jwt malformed
07-09-2020 22:51:33 [DEBUG] [D:\Projects\messages service\lib\express\api.js] request:/api/message, body:[], jwt:[object Object]
07-09-2020 22:51:33 [WARN] [D:\Projects\messages service\lib\express\verifyToken.js] jwt malformed
07-09-2020 22:51:33 [DEBUG] [D:\Projects\messages service\lib\express\api.js] request:/api/auth, body:[], jwt:undefined
07-09-2020 22:51:33 [DEBUG] [D:\Projects\messages service\lib\express\api.js] request:/api/message, body:[], jwt:[object Object]
07-09-2020 22:51:33 [WARN] [D:\Projects\messages service\lib\express\verifyToken.js] jwt malformed
07-09-2020 22:52:07 [DEBUG] [D:\Projects\messages service\lib\express\api.js] request:/api/message, body:[], jwt:[object Object]
07-09-2020 22:52:07 [WARN] [D:\Projects\messages service\lib\express\verifyToken.js] jwt malformed
07-09-2020 22:52:07 [DEBUG] [D:\Projects\messages service\lib\express\api.js] request:/api/auth, body:[], jwt:undefined
07-09-2020 22:52:07 [DEBUG] [D:\Projects\messages service\lib\express\api.js] request:/api/message, body:[], jwt:[object Object]
07-09-2020 22:52:07 [WARN] [D:\Projects\messages service\lib\express\verifyToken.js] jwt malformed
07-09-2020 22:52:19 [DEBUG] [D:\Projects\messages service\lib\express\api.js] request:/api/auth, body:[], jwt:undefined
07-09-2020 22:52:19 [DEBUG] [D:\Projects\messages service\lib\express\api.js] request:/api/message, body:[], jwt:[object Object]
07-09-2020 22:52:19 [WARN] [D:\Projects\messages service\lib\express\verifyToken.js] jwt malformed
07-09-2020 22:52:19 [DEBUG] [D:\Projects\messages service\lib\express\api.js] request:/api/auth, body:[], jwt:undefined
07-09-2020 22:52:19 [DEBUG] [D:\Projects\messages service\lib\express\api.js] request:/api/message, body:[], jwt:[object Object]
07-09-2020 22:52:19 [WARN] [D:\Projects\messages service\lib\express\verifyToken.js] jwt malformed
07-09-2020 22:52:40 [DEBUG] [D:\Projects\messages service\lib\express\api.js] request:/api/auth, body:[], jwt:undefined
07-09-2020 22:52:40 [DEBUG] [D:\Projects\messages service\lib\express\api.js] request:/api/message, body:[], jwt:[object Object]
07-09-2020 22:52:40 [WARN] [D:\Projects\messages service\lib\express\verifyToken.js] jwt malformed
07-09-2020 22:52:40 [DEBUG] [D:\Projects\messages service\lib\express\api.js] request:/api/auth, body:[], jwt:undefined
07-09-2020 22:52:40 [DEBUG] [D:\Projects\messages service\lib\express\api.js] request:/api/message, body:[], jwt:[object Object]
07-09-2020 22:52:40 [WARN] [D:\Projects\messages service\lib\express\verifyToken.js] jwt malformed
07-09-2020 22:52:58 [DEBUG] [D:\Projects\messages service\lib\express\api.js] request:/api/auth, body:[], jwt:undefined
07-09-2020 22:52:58 [DEBUG] [D:\Projects\messages service\lib\express\api.js] request:/api/message, body:[], jwt:[object Object]
07-09-2020 22:52:58 [WARN] [D:\Projects\messages service\lib\express\verifyToken.js] jwt malformed
07-09-2020 22:52:58 [DEBUG] [D:\Projects\messages service\lib\express\api.js] request:/api/auth, body:[], jwt:undefined
07-09-2020 22:52:58 [DEBUG] [D:\Projects\messages service\lib\express\api.js] request:/api/message, body:[], jwt:[object Object]
07-09-2020 22:52:58 [WARN] [D:\Projects\messages service\lib\express\verifyToken.js] jwt malformed
07-09-2020 22:53:08 [DEBUG] [D:\Projects\messages service\lib\express\api.js] request:/api/auth, body:[], jwt:undefined
07-09-2020 22:53:08 [DEBUG] [D:\Projects\messages service\lib\express\api.js] request:/api/message, body:[], jwt:[object Object]
07-09-2020 22:53:08 [WARN] [D:\Projects\messages service\lib\express\verifyToken.js] jwt malformed
07-09-2020 22:53:08 [DEBUG] [D:\Projects\messages service\lib\express\api.js] request:/api/auth, body:[], jwt:undefined
07-09-2020 22:53:08 [DEBUG] [D:\Projects\messages service\lib\express\api.js] request:/api/message, body:[], jwt:[object Object]
07-09-2020 22:53:08 [WARN] [D:\Projects\messages service\lib\express\verifyToken.js] jwt malformed
07-09-2020 22:53:22 [DEBUG] [D:\Projects\messages service\lib\express\api.js] request:/api/auth, body:[], jwt:undefined
07-09-2020 22:53:22 [DEBUG] [D:\Projects\messages service\lib\express\api.js] request:/api/message, body:[], jwt:[object Object]
07-09-2020 22:53:22 [WARN] [D:\Projects\messages service\lib\express\verifyToken.js] jwt malformed
07-09-2020 22:53:22 [DEBUG] [D:\Projects\messages service\lib\express\api.js] request:/api/auth, body:[], jwt:undefined
07-09-2020 22:53:22 [DEBUG] [D:\Projects\messages service\lib\express\api.js] request:/api/message, body:[], jwt:[object Object]
07-09-2020 22:53:22 [WARN] [D:\Projects\messages service\lib\express\verifyToken.js] jwt malformed
07-09-2020 22:54:14 [DEBUG] [D:\Projects\messages service\lib\express\api.js] request:/api/auth, body:[], jwt:undefined
07-09-2020 23:03:20 [DEBUG] [D:\Projects\messages service\lib\express\api.js] request:/api/auth, body:[], jwt:undefined
07-09-2020 23:03:20 [DEBUG] [D:\Projects\messages service\lib\express\api.js] request:/api/ping, body:[], jwt:eyJhbGciOiJIUzI1NiIsInR5cCI6IkpXVCJ9.eyJfaWQiOiI1ZjU1MGU1NTE2NTRkYzFiODExNmZiYWEiLCJpYXQiOjE1OTk0OTk1MDksImV4cCI6MTU5OTU0MjcwOX0.rT-xY9HDufTcMVuvv-jy6y41A2EQsCYIQXofI39sJIg
07-09-2020 23:03:34 [INFO] [D:\Projects\messages service\index.js] Mongo Connected
07-09-2020 23:03:34 [INFO] [D:\Projects\messages service\lib\loop\MessageWatcher.js] Message watcher started...
07-09-2020 23:03:44 [DEBUG] [D:\Projects\messages service\lib\express\api.js] request:/api/auth, body:[], jwt:undefined
07-09-2020 23:04:04 [DEBUG] [D:\Projects\messages service\lib\express\api.js] request:/api/auth, body:[], jwt:undefined
07-09-2020 23:05:02 [DEBUG] [D:\Projects\messages service\lib\express\api.js] request:/api/auth, body:[user: admin, password: Wsh3, ], jwt:undefined
07-09-2020 23:05:37 [DEBUG] [D:\Projects\messages service\lib\express\api.js] request:/api/auth, body:[user: admin, password: Wsh3, ], jwt:undefined
07-09-2020 23:06:11 [DEBUG] [D:\Projects\messages service\lib\express\api.js] request:/api/auth, body:[user: admin, password: Wsh3, ], jwt:undefined
07-09-2020 23:06:29 [DEBUG] [D:\Projects\messages service\lib\express\api.js] request:/api/auth, body:[user: admin, password: Wsh3, ], jwt:undefined
07-09-2020 23:06:29 [DEBUG] [D:\Projects\messages service\lib\express\api.js] request:/api/message, body:[0: [object Object], ], jwt:eyJhbGciOiJIUzI1NiIsInR5cCI6IkpXVCJ9.eyJfaWQiOiI1ZjU1MGU1NTE2NTRkYzFiODExNmZiYWEiLCJpYXQiOjE1OTk1MDkxODksImV4cCI6MTU5OTU1MjM4OX0.UIeNj84iD4B13SSGsHxhoRFAFgRl1Fe3mgk_ZOJXIFg
07-09-2020 23:06:29 [ERROR] [D:\Projects\messages service\lib\express\responseHandlers.js] request: /api/message, status:(400) message:Nothing loaded
07-09-2020 23:07:32 [DEBUG] [D:\Projects\messages service\lib\express\api.js] request:/api/auth, body:[user: admin, password: Wsh3, ], jwt:undefined
07-09-2020 23:07:32 [DEBUG] [D:\Projects\messages service\lib\express\api.js] request:/api/message, body:[0: [object Object], ], jwt:eyJhbGciOiJIUzI1NiIsInR5cCI6IkpXVCJ9.eyJfaWQiOiI1ZjU1MGU1NTE2NTRkYzFiODExNmZiYWEiLCJpYXQiOjE1OTk1MDkyNTIsImV4cCI6MTU5OTU1MjQ1Mn0.zyjQTVjVF40fGUcH6eIEohyxRKoI6PR_F0ZJQbbOyu4
07-09-2020 23:07:32 [ERROR] [D:\Projects\messages service\lib\express\responseHandlers.js] request: /api/message, status:(400) message:Nothing loaded
07-09-2020 23:07:59 [DEBUG] [D:\Projects\messages service\lib\express\api.js] request:/api/auth, body:[user: admin, password: Wsh3, ], jwt:undefined
07-09-2020 23:07:59 [DEBUG] [D:\Projects\messages service\lib\express\api.js] request:/api/message, body:[0: [object Object], ], jwt:eyJhbGciOiJIUzI1NiIsInR5cCI6IkpXVCJ9.eyJfaWQiOiI1ZjU1MGU1NTE2NTRkYzFiODExNmZiYWEiLCJpYXQiOjE1OTk1MDkyNzksImV4cCI6MTU5OTU1MjQ3OX0.3QkWdIZ6IBw27Pepo3yj0eBSHFDSS88DEP-VlUmXSik
07-09-2020 23:07:59 [ERROR] [D:\Projects\messages service\lib\express\responseHandlers.js] request: /api/message, status:(400) message:Nothing loaded
07-09-2020 23:08:23 [DEBUG] [D:\Projects\messages service\lib\express\api.js] request:/api/auth, body:[user: admin, password: Wsh3, ], jwt:undefined
07-09-2020 23:08:23 [DEBUG] [D:\Projects\messages service\lib\express\api.js] request:/api/message, body:[0: [object Object], ], jwt:eyJhbGciOiJIUzI1NiIsInR5cCI6IkpXVCJ9.eyJfaWQiOiI1ZjU1MGU1NTE2NTRkYzFiODExNmZiYWEiLCJpYXQiOjE1OTk1MDkzMDMsImV4cCI6MTU5OTU1MjUwM30.7vcw5osBWrh9uQeD8AxAgLYywOMXKdK54E5UeyLAdG0
07-09-2020 23:08:23 [ERROR] [D:\Projects\messages service\lib\express\responseHandlers.js] request: /api/message, status:(400) message:Nothing loaded
07-09-2020 23:08:50 [DEBUG] [D:\Projects\messages service\lib\express\api.js] request:/api/auth, body:[user: admin, password: Wsh3, ], jwt:undefined
07-09-2020 23:08:50 [DEBUG] [D:\Projects\messages service\lib\express\api.js] request:/api/message, body:[0: [object Object], ], jwt:eyJhbGciOiJIUzI1NiIsInR5cCI6IkpXVCJ9.eyJfaWQiOiI1ZjU1MGU1NTE2NTRkYzFiODExNmZiYWEiLCJpYXQiOjE1OTk1MDkzMzAsImV4cCI6MTU5OTU1MjUzMH0.llQvTHQSHsEc8fUiLOvOTBujGr-dD0uYMufJ93IHa8U
07-09-2020 23:08:50 [ERROR] [D:\Projects\messages service\lib\express\responseHandlers.js] request: /api/message, status:(400) message:Nothing loaded
07-09-2020 23:09:08 [DEBUG] [D:\Projects\messages service\lib\express\api.js] request:/api/auth, body:[user: admin, password: Wsh3, ], jwt:undefined
07-09-2020 23:09:08 [DEBUG] [D:\Projects\messages service\lib\express\api.js] request:/api/message, body:[0: [object Object], ], jwt:eyJhbGciOiJIUzI1NiIsInR5cCI6IkpXVCJ9.eyJfaWQiOiI1ZjU1MGU1NTE2NTRkYzFiODExNmZiYWEiLCJpYXQiOjE1OTk1MDkzNDgsImV4cCI6MTU5OTU1MjU0OH0.6ynYdzMS8Nk9WwmkXBU7H4XP5SZFzv7G1DwoRm2pB1E
07-09-2020 23:09:08 [ERROR] [D:\Projects\messages service\lib\express\responseHandlers.js] request: /api/message, status:(400) message:Nothing loaded
07-09-2020 23:09:44 [DEBUG] [D:\Projects\messages service\lib\express\api.js] request:/api/auth, body:[user: admin, password: Wsh3, ], jwt:undefined
07-09-2020 23:09:44 [DEBUG] [D:\Projects\messages service\lib\express\api.js] request:/api/message, body:[0: [object Object], ], jwt:eyJhbGciOiJIUzI1NiIsInR5cCI6IkpXVCJ9.eyJfaWQiOiI1ZjU1MGU1NTE2NTRkYzFiODExNmZiYWEiLCJpYXQiOjE1OTk1MDkzODQsImV4cCI6MTU5OTU1MjU4NH0.pjSYDTSRjeV_72Z8brP2HA15-YfFsZBSolB0-_JMNjA
07-09-2020 23:09:44 [ERROR] [D:\Projects\messages service\lib\express\responseHandlers.js] request: /api/message, status:(400) message:Nothing loaded
07-09-2020 23:10:24 [DEBUG] [D:\Projects\messages service\lib\express\api.js] request:/api/auth, body:[user: admin, password: Wsh3, ], jwt:undefined
07-09-2020 23:10:24 [DEBUG] [D:\Projects\messages service\lib\express\api.js] request:/api/message, body:[0: [object Object], ], jwt:eyJhbGciOiJIUzI1NiIsInR5cCI6IkpXVCJ9.eyJfaWQiOiI1ZjU1MGU1NTE2NTRkYzFiODExNmZiYWEiLCJpYXQiOjE1OTk1MDk0MjQsImV4cCI6MTU5OTU1MjYyNH0.IAIBugXOB1Y0CeF1yeHC25-cKwZL2Ea8IpgejXo52bM
07-09-2020 23:10:24 [ERROR] [D:\Projects\messages service\lib\express\responseHandlers.js] request: /api/message, status:(400) message:Nothing loaded
07-09-2020 23:10:41 [DEBUG] [D:\Projects\messages service\lib\express\api.js] request:/api/auth, body:[user: admin, password: Wsh3, ], jwt:undefined
07-09-2020 23:10:41 [DEBUG] [D:\Projects\messages service\lib\express\api.js] request:/api/message, body:[0: [object Object], ], jwt:eyJhbGciOiJIUzI1NiIsInR5cCI6IkpXVCJ9.eyJfaWQiOiI1ZjU1MGU1NTE2NTRkYzFiODExNmZiYWEiLCJpYXQiOjE1OTk1MDk0NDEsImV4cCI6MTU5OTU1MjY0MX0.wOxVQeumdfEM93BERNSr2PtfBg6YjiqlU2izMIKsK58
07-09-2020 23:10:41 [ERROR] [D:\Projects\messages service\lib\express\responseHandlers.js] request: /api/message, status:(400) message:Nothing loaded
07-09-2020 23:10:49 [DEBUG] [D:\Projects\messages service\lib\express\api.js] request:/api/auth, body:[user: admin, password: Wsh3, ], jwt:undefined
07-09-2020 23:10:50 [DEBUG] [D:\Projects\messages service\lib\express\api.js] request:/api/message, body:[0: [object Object], ], jwt:eyJhbGciOiJIUzI1NiIsInR5cCI6IkpXVCJ9.eyJfaWQiOiI1ZjU1MGU1NTE2NTRkYzFiODExNmZiYWEiLCJpYXQiOjE1OTk1MDk0NTAsImV4cCI6MTU5OTU1MjY1MH0.Vr2cMhEcabaidoZeeddjYcRNUJZ-QRPSt9KQ2Lt7QFE
07-09-2020 23:10:50 [ERROR] [D:\Projects\messages service\lib\express\responseHandlers.js] request: /api/message, status:(400) message:Nothing loaded
07-09-2020 23:12:32 [DEBUG] [D:\Projects\messages service\lib\express\api.js] request:/api/auth, body:[user: admin, password: Wsh3, ], jwt:undefined
07-09-2020 23:12:33 [DEBUG] [D:\Projects\messages service\lib\express\api.js] request:/api/message, body:[0: [object Object], ], jwt:eyJhbGciOiJIUzI1NiIsInR5cCI6IkpXVCJ9.eyJfaWQiOiI1ZjU1MGU1NTE2NTRkYzFiODExNmZiYWEiLCJpYXQiOjE1OTk1MDk1NTIsImV4cCI6MTU5OTU1Mjc1Mn0.MyJx9UBkOA1kwrKes4BaWQoJ3tsz_UQzpW-ngX1T02A
07-09-2020 23:12:36 [DEBUG] [D:\Projects\messages service\lib\express\api.js] request:/api/wawebhook, body:[messages: [object Object], instanceId: 156066, ], jwt:undefined
07-09-2020 23:12:58 [DEBUG] [D:\Projects\messages service\lib\express\api.js] request:/api/wawebhook, body:[ack: [object Object], instanceId: 156066, ], jwt:undefined
07-09-2020 23:12:59 [DEBUG] [D:\Projects\messages service\lib\express\api.js] request:/api/wawebhook, body:[ack: [object Object], instanceId: 156066, ], jwt:undefined
07-09-2020 23:13:02 [DEBUG] [D:\Projects\messages service\lib\express\api.js] request:/api/wawebhook, body:[ack: [object Object], instanceId: 156066, ], jwt:undefined
